VirtualBox VM 4.2.18 r88780 linux.amd64 (Sep  6 2013 16:20:18) release log
00:00:04.869139 Log opened 2014-01-10T19:58:53.119114000Z
00:00:04.869145 OS Product: Linux
00:00:04.869148 OS Release: 2.6.32-358.23.2.el6.x86_64
00:00:04.869150 OS Version: #1 SMP Wed Oct 16 18:37:12 UTC 2013
00:00:04.869186 DMI Product Name: OptiPlex 990
00:00:04.869203 DMI Product Version: 01
00:00:04.869308 Host RAM: 7826MB total, 6602MB available
00:00:04.869315 Executable: /usr/lib/virtualbox/VirtualBox
00:00:04.869317 Process ID: 1067
00:00:04.869318 Package type: LINUX_64BITS_EL_6
00:00:04.875709 Installed Extension Packs:
00:00:04.875760   Oracle VM VirtualBox Extension Pack (Version: 4.2.18 r88780; VRDE Module: VBoxVRDP)
00:00:04.891957 Using XKB for keycode to scan code conversion
00:00:04.968645 SUP: Loaded VMMR0.r0 (/usr/lib/virtualbox/VMMR0.r0) at 0xffffffffa0766020 - ModuleInit at ffffffffa077e500 and ModuleTerm at ffffffffa077e4d0
00:00:04.968694 SUP: VMMR0EntryEx located at ffffffffa077e3f0, VMMR0EntryFast at ffffffffa077d2f0 and VMMR0EntryInt at ffffffffa077d0f0
00:00:04.970560 OS type: 'Ubuntu'
00:00:04.983656 File system of '/dev/sr0' (DVD) is unknown
00:00:04.987654 File system of '/afs/cats.ucsc.edu/users/k/jleihe/VirtualBox VMs/Ubunt/Snapshots' (snapshots) is unknown
00:00:04.987687 File system of '/afs/cats.ucsc.edu/users/k/jleihe/VirtualBox VMs/Ubunt/Ubuntu.vdi' is unknown
00:00:05.011980 Shared clipboard mode: Off
00:00:05.023730 Drag'n'drop mode: Off
00:00:05.043102 ************************* CFGM dump *************************
00:00:05.043107 [/] (level 0)
00:00:05.043111   CSAMEnabled     <integer> = 0x0000000000000001 (1)
00:00:05.048100   CpuExecutionCap <integer> = 0x0000000000000064 (100)
00:00:05.048105   EnablePAE       <integer> = 0x0000000000000001 (1)
00:00:05.048107   HwVirtExtForced <integer> = 0x0000000000000000 (0)
00:00:05.048109   MemBalloonSize  <integer> = 0x0000000000000000 (0)
00:00:05.048110   Name            <string>  = "Ubunt" (cb=6)
00:00:05.048113   NumCPUs         <integer> = 0x0000000000000001 (1)
00:00:05.048114   PATMEnabled     <integer> = 0x0000000000000001 (1)
00:00:05.048116   PageFusion      <integer> = 0x0000000000000000 (0)
00:00:05.048118   RamHoleSize     <integer> = 0x0000000020000000 (536 870 912, 512 MB)
00:00:05.048121   RamSize         <integer> = 0x0000000020000000 (536 870 912, 512 MB)
00:00:05.048123   RawR0Enabled    <integer> = 0x0000000000000001 (1)
00:00:05.048125   RawR3Enabled    <integer> = 0x0000000000000001 (1)
00:00:05.048127   TimerMillies    <integer> = 0x000000000000000a (10)
00:00:05.048128   UUID            <bytes>   = "49 10 5c ea 2e b3 c2 4f ba 01 01 f1 3e ea 64 51" (cb=16)
00:00:05.048135 
00:00:05.048136 [/CPUM/] (level 1)
00:00:05.048139   SyntheticCpu <integer> = 0x0000000000000000 (0)
00:00:05.048140 
00:00:05.048141 [/DBGF/] (level 1)
00:00:05.048143   Path <string>  = "/afs/cats.ucsc.edu/users/k/jleihe/VirtualBox VMs/Ubunt/debug/;/afs/cats.ucsc.edu/users/k/jleihe/VirtualBox VMs/Ubunt/;/afs/cats.ucsc.edu/users/k/jleihe/" (cb=153)
00:00:05.048145 
00:00:05.048146 [/Devices/] (level 1)
00:00:05.048147 
00:00:05.048148 [/Devices/8237A/] (level 2)
00:00:05.048150 
00:00:05.048151 [/Devices/8237A/0/] (level 3)
00:00:05.048153   Trusted <integer> = 0x0000000000000001 (1)
00:00:05.048154 
00:00:05.048155 [/Devices/AudioSniffer/] (level 2)
00:00:05.048157 
00:00:05.048157 [/Devices/AudioSniffer/0/] (level 3)
00:00:05.048160 
00:00:05.048160 [/Devices/AudioSniffer/0/Config/] (level 4)
00:00:05.048163 
00:00:05.048163 [/Devices/AudioSniffer/0/LUN#0/] (level 4)
00:00:05.048166   Driver <string>  = "MainAudioSniffer" (cb=17)
00:00:05.048167 
00:00:05.048168 [/Devices/AudioSniffer/0/LUN#0/Config/] (level 5)
00:00:05.048175   Object <integer> = 0x00007f60f800da30 (140 054 454 393 392)
00:00:05.048180 
00:00:05.048181 [/Devices/VMMDev/] (level 2)
00:00:05.048183 
00:00:05.048184 [/Devices/VMMDev/0/] (level 3)
00:00:05.048187   PCIBusNo      <integer> = 0x0000000000000000 (0)
00:00:05.048190   PCIDeviceNo   <integer> = 0x0000000000000004 (4)
00:00:05.048192   PCIFunctionNo <integer> = 0x0000000000000000 (0)
00:00:05.048194   Trusted       <integer> = 0x0000000000000001 (1)
00:00:05.048197 
00:00:05.048198 [/Devices/VMMDev/0/Config/] (level 4)
00:00:05.048201   GuestCoreDumpDir <string>  = "/afs/cats.ucsc.edu/users/k/jleihe/VirtualBox VMs/Ubunt/Snapshots" (cb=65)
00:00:05.048203   RamSize          <integer> = 0x0000000020000000 (536 870 912, 512 MB)
00:00:05.048207 
00:00:05.048208 [/Devices/VMMDev/0/LUN#0/] (level 4)
00:00:05.048211   Driver <string>  = "HGCM" (cb=5)
00:00:05.048213 
00:00:05.048214 [/Devices/VMMDev/0/LUN#0/Config/] (level 5)
00:00:05.048218   Object <integer> = 0x00007f60ec0022a0 (140 054 253 019 808)
00:00:05.048222 
00:00:05.048222 [/Devices/VMMDev/0/LUN#999/] (level 4)
00:00:05.048226   Driver <string>  = "MainStatus" (cb=11)
00:00:05.048227 
00:00:05.048228 [/Devices/VMMDev/0/LUN#999/Config/] (level 5)
00:00:05.048232   First   <integer> = 0x0000000000000000 (0)
00:00:05.048234   Last    <integer> = 0x0000000000000000 (0)
00:00:05.048236   papLeds <integer> = 0x00007f60f8001740 (140 054 454 343 488)
00:00:05.048239 
00:00:05.048240 [/Devices/acpi/] (level 2)
00:00:05.048243 
00:00:05.048244 [/Devices/acpi/0/] (level 3)
00:00:05.048247   PCIBusNo      <integer> = 0x0000000000000000 (0)
00:00:05.048249   PCIDeviceNo   <integer> = 0x0000000000000007 (7)
00:00:05.048251   PCIFunctionNo <integer> = 0x0000000000000000 (0)
00:00:05.048254   Trusted       <integer> = 0x0000000000000001 (1)
00:00:05.048256 
00:00:05.048257 [/Devices/acpi/0/Config/] (level 4)
00:00:05.048260   CpuHotPlug        <integer> = 0x0000000000000000 (0)
00:00:05.048263   FdcEnabled        <integer> = 0x0000000000000000 (0)
00:00:05.048265   HostBusPciAddress <integer> = 0x0000000000000000 (0)
00:00:05.048268   HpetEnabled       <integer> = 0x0000000000000000 (0)
00:00:05.048270   IOAPIC            <integer> = 0x0000000000000000 (0)
00:00:05.048272   IocPciAddress     <integer> = 0x0000000000010000 (65 536)
00:00:05.048275   NumCPUs           <integer> = 0x0000000000000001 (1)
00:00:05.048277   RamHoleSize       <integer> = 0x0000000020000000 (536 870 912, 512 MB)
00:00:05.048282   RamSize           <integer> = 0x0000000020000000 (536 870 912, 512 MB)
00:00:05.048286   Serial0IoPortBase <integer> = 0x0000000000000000 (0)
00:00:05.048288   Serial0Irq        <integer> = 0x0000000000000000 (0)
00:00:05.048290   Serial1IoPortBase <integer> = 0x0000000000000000 (0)
00:00:05.048292   Serial1Irq        <integer> = 0x0000000000000000 (0)
00:00:05.048294   ShowCpu           <integer> = 0x0000000000000000 (0)
00:00:05.048296   ShowRtc           <integer> = 0x0000000000000000 (0)
00:00:05.048299   SmcEnabled        <integer> = 0x0000000000000000 (0)
00:00:05.048301 
00:00:05.048302 [/Devices/acpi/0/LUN#0/] (level 4)
00:00:05.048306   Driver <string>  = "ACPIHost" (cb=9)
00:00:05.048308 
00:00:05.048309 [/Devices/acpi/0/LUN#0/Config/] (level 5)
00:00:05.048313 
00:00:05.048314 [/Devices/ahci/] (level 2)
00:00:05.048317 
00:00:05.048318 [/Devices/ahci/0/] (level 3)
00:00:05.048321   PCIBusNo      <integer> = 0x0000000000000000 (0)
00:00:05.048324   PCIDeviceNo   <integer> = 0x000000000000000d (13)
00:00:05.048326   PCIFunctionNo <integer> = 0x0000000000000000 (0)
00:00:05.048328   Trusted       <integer> = 0x0000000000000001 (1)
00:00:05.048331 
00:00:05.048332 [/Devices/ahci/0/Config/] (level 4)
00:00:05.048335   Bootable  <integer> = 0x0000000000000001 (1)
00:00:05.048337   PortCount <integer> = 0x0000000000000001 (1)
00:00:05.048340 
00:00:05.048341 [/Devices/ahci/0/Config/Port0/] (level 5)
00:00:05.048345   NonRotationalMedium <integer> = 0x0000000000000000 (0)
00:00:05.048347 
00:00:05.048348 [/Devices/ahci/0/LUN#0/] (level 4)
00:00:05.048352   Driver <string>  = "Block" (cb=6)
00:00:05.048354 
00:00:05.048355 [/Devices/ahci/0/LUN#0/AttachedDriver/] (level 5)
00:00:05.048359   Driver <string>  = "VD" (cb=3)
00:00:05.048361 
00:00:05.048362 [/Devices/ahci/0/LUN#0/AttachedDriver/Config/] (level 6)
00:00:05.048366   BlockCache <integer> = 0x0000000000000001 (1)
00:00:05.048368   Format     <string>  = "VDI" (cb=4)
00:00:05.048371   Path       <string>  = "/afs/cats.ucsc.edu/users/k/jleihe/VirtualBox VMs/Ubunt/Ubuntu.vdi" (cb=66)
00:00:05.048373   Type       <string>  = "HardDisk" (cb=9)
00:00:05.048375   UseNewIo   <integer> = 0x0000000000000001 (1)
00:00:05.048377 
00:00:05.048378 [/Devices/ahci/0/LUN#0/Config/] (level 5)
00:00:05.048382   Mountable <integer> = 0x0000000000000000 (0)
00:00:05.048384   Type      <string>  = "HardDisk" (cb=9)
00:00:05.048386 
00:00:05.048387 [/Devices/ahci/0/LUN#999/] (level 4)
00:00:05.048391   Driver <string>  = "MainStatus" (cb=11)
00:00:05.048393 
00:00:05.048394 [/Devices/ahci/0/LUN#999/Config/] (level 5)
00:00:05.048399   DeviceInstance        <string>  = "ahci/0" (cb=7)
00:00:05.048401   First                 <integer> = 0x0000000000000000 (0)
00:00:05.048404   Last                  <integer> = 0x0000000000000000 (0)
00:00:05.048407   pConsole              <integer> = 0x00007f60f8001160 (140 054 454 341 984)
00:00:05.048411   papLeds               <integer> = 0x00007f60f8001470 (140 054 454 342 768)
00:00:05.048415   pmapMediumAttachments <integer> = 0x00007f60f8001758 (140 054 454 343 512)
00:00:05.048418 
00:00:05.048419 [/Devices/apic/] (level 2)
00:00:05.048422 
00:00:05.048423 [/Devices/apic/0/] (level 3)
00:00:05.048427   Trusted <integer> = 0x0000000000000001 (1)
00:00:05.048429 
00:00:05.048430 [/Devices/apic/0/Config/] (level 4)
00:00:05.048433   IOAPIC  <integer> = 0x0000000000000000 (0)
00:00:05.048436   NumCPUs <integer> = 0x0000000000000001 (1)
00:00:05.048438 
00:00:05.048439 [/Devices/e1000/] (level 2)
00:00:05.048442 
00:00:05.048442 [/Devices/e1000/0/] (level 3)
00:00:05.048446   PCIBusNo      <integer> = 0x0000000000000000 (0)
00:00:05.048449   PCIDeviceNo   <integer> = 0x0000000000000003 (3)
00:00:05.048451   PCIFunctionNo <integer> = 0x0000000000000000 (0)
00:00:05.048453   Trusted       <integer> = 0x0000000000000001 (1)
00:00:05.048455 
00:00:05.048456 [/Devices/e1000/0/Config/] (level 4)
00:00:05.048460   AdapterType    <integer> = 0x0000000000000000 (0)
00:00:05.048462   CableConnected <integer> = 0x0000000000000001 (1)
00:00:05.048465   LineSpeed      <integer> = 0x0000000000000000 (0)
00:00:05.048467   MAC            <bytes>   = "08 00 27 37 55 bb" (cb=6)
00:00:05.048472 
00:00:05.048473 [/Devices/e1000/0/LUN#0/] (level 4)
00:00:05.048477   Driver <string>  = "NAT" (cb=4)
00:00:05.048479 
00:00:05.048480 [/Devices/e1000/0/LUN#0/Config/] (level 5)
00:00:05.048484   AliasMode       <integer> = 0x0000000000000000 (0)
00:00:05.048486   BootFile        <string>  = "Ubunt.pxe" (cb=10)
00:00:05.048488   DNSProxy        <integer> = 0x0000000000000000 (0)
00:00:05.048491   Network         <string>  = "10.0.2.0/24" (cb=12)
00:00:05.048493   PassDomain      <integer> = 0x0000000000000001 (1)
00:00:05.048496   TFTPPrefix      <string>  = "/afs/cats.ucsc.edu/users/k/jleihe/.VirtualBox/TFTP" (cb=51)
00:00:05.048498   UseHostResolver <integer> = 0x0000000000000000 (0)
00:00:05.048500 
00:00:05.048501 [/Devices/e1000/0/LUN#999/] (level 4)
00:00:05.048505   Driver <string>  = "MainStatus" (cb=11)
00:00:05.048507 
00:00:05.048508 [/Devices/e1000/0/LUN#999/Config/] (level 5)
00:00:05.048512   First   <integer> = 0x0000000000000000 (0)
00:00:05.048514   Last    <integer> = 0x0000000000000000 (0)
00:00:05.048516   papLeds <integer> = 0x00007f60f8001620 (140 054 454 343 200)
00:00:05.048520 
00:00:05.048521 [/Devices/i8254/] (level 2)
00:00:05.048523 
00:00:05.048524 [/Devices/i8254/0/] (level 3)
00:00:05.048528 
00:00:05.048528 [/Devices/i8254/0/Config/] (level 4)
00:00:05.048532 
00:00:05.048533 [/Devices/i8259/] (level 2)
00:00:05.048536 
00:00:05.048537 [/Devices/i8259/0/] (level 3)
00:00:05.048540   Trusted <integer> = 0x0000000000000001 (1)
00:00:05.048542 
00:00:05.048543 [/Devices/i8259/0/Config/] (level 4)
00:00:05.048547 
00:00:05.048548 [/Devices/ichac97/] (level 2)
00:00:05.048551 
00:00:05.048552 [/Devices/ichac97/0/] (level 3)
00:00:05.048556   PCIBusNo      <integer> = 0x0000000000000000 (0)
00:00:05.048558   PCIDeviceNo   <integer> = 0x0000000000000005 (5)
00:00:05.048560   PCIFunctionNo <integer> = 0x0000000000000000 (0)
00:00:05.048562   Trusted       <integer> = 0x0000000000000001 (1)
00:00:05.048565 
00:00:05.048566 [/Devices/ichac97/0/Config/] (level 4)
00:00:05.048569 
00:00:05.048570 [/Devices/ichac97/0/LUN#0/] (level 4)
00:00:05.048573   Driver <string>  = "AUDIO" (cb=6)
00:00:05.048576 
00:00:05.048577 [/Devices/ichac97/0/LUN#0/Config/] (level 5)
00:00:05.048581   AudioDriver <string>  = "pulse" (cb=6)
00:00:05.048582   StreamName  <string>  = "Ubunt" (cb=6)
00:00:05.048584 
00:00:05.048586 [/Devices/mc146818/] (level 2)
00:00:05.048589 
00:00:05.048590 [/Devices/mc146818/0/] (level 3)
00:00:05.048593 
00:00:05.048594 [/Devices/mc146818/0/Config/] (level 4)
00:00:05.048598   UseUTC <integer> = 0x0000000000000001 (1)
00:00:05.048600 
00:00:05.048601 [/Devices/parallel/] (level 2)
00:00:05.048604 
00:00:05.048608 [/Devices/pcarch/] (level 2)
00:00:05.048610 
00:00:05.048611 [/Devices/pcarch/0/] (level 3)
00:00:05.048613   Trusted <integer> = 0x0000000000000001 (1)
00:00:05.048615 
00:00:05.048616 [/Devices/pcarch/0/Config/] (level 4)
00:00:05.048618 
00:00:05.048619 [/Devices/pcbios/] (level 2)
00:00:05.048620 
00:00:05.048621 [/Devices/pcbios/0/] (level 3)
00:00:05.048623   Trusted <integer> = 0x0000000000000001 (1)
00:00:05.048624 
00:00:05.048625 [/Devices/pcbios/0/Config/] (level 4)
00:00:05.048628   BootDevice0        <string>  = "FLOPPY" (cb=7)
00:00:05.048629   BootDevice1        <string>  = "DVD" (cb=4)
00:00:05.048631   BootDevice2        <string>  = "IDE" (cb=4)
00:00:05.048632   BootDevice3        <string>  = "NONE" (cb=5)
00:00:05.048634   FloppyDevice       <string>  = "i82078" (cb=7)
00:00:05.048635   HardDiskDevice     <string>  = "piix3ide" (cb=9)
00:00:05.048636   IOAPIC             <integer> = 0x0000000000000000 (0)
00:00:05.048638   LanBootRom         <string>  = "/usr/lib/virtualbox/ExtensionPacks/Oracle_VM_VirtualBox_Extension_Pack/PXE-Intel.rom" (cb=85)
00:00:05.048640   McfgBase           <integer> = 0x0000000000000000 (0)
00:00:05.048642   McfgLength         <integer> = 0x0000000000000000 (0)
00:00:05.048643   NumCPUs            <integer> = 0x0000000000000001 (1)
00:00:05.048645   PXEDebug           <integer> = 0x0000000000000000 (0)
00:00:05.048647   RamHoleSize        <integer> = 0x0000000020000000 (536 870 912, 512 MB)
00:00:05.048649   RamSize            <integer> = 0x0000000020000000 (536 870 912, 512 MB)
00:00:05.048652   SataHardDiskDevice <string>  = "ahci" (cb=5)
00:00:05.048653   UUID               <bytes>   = "49 10 5c ea 2e b3 c2 4f ba 01 01 f1 3e ea 64 51" (cb=16)
00:00:05.048659 
00:00:05.048660 [/Devices/pcbios/0/Config/NetBoot/] (level 5)
00:00:05.048662 
00:00:05.048663 [/Devices/pcbios/0/Config/NetBoot/0/] (level 6)
00:00:05.048666   NIC           <integer> = 0x0000000000000000 (0)
00:00:05.048667   PCIBusNo      <integer> = 0x0000000000000000 (0)
00:00:05.048669   PCIDeviceNo   <integer> = 0x0000000000000003 (3)
00:00:05.048671   PCIFunctionNo <integer> = 0x0000000000000000 (0)
00:00:05.048672 
00:00:05.048673 [/Devices/pci/] (level 2)
00:00:05.048675 
00:00:05.048675 [/Devices/pci/0/] (level 3)
00:00:05.048677   Trusted <integer> = 0x0000000000000001 (1)
00:00:05.048679 
00:00:05.048679 [/Devices/pci/0/Config/] (level 4)
00:00:05.048682   IOAPIC <integer> = 0x0000000000000000 (0)
00:00:05.048683 
00:00:05.048684 [/Devices/pckbd/] (level 2)
00:00:05.048686 
00:00:05.048686 [/Devices/pckbd/0/] (level 3)
00:00:05.048688   Trusted <integer> = 0x0000000000000001 (1)
00:00:05.048690 
00:00:05.048690 [/Devices/pckbd/0/Config/] (level 4)
00:00:05.048692 
00:00:05.048693 [/Devices/pckbd/0/LUN#0/] (level 4)
00:00:05.048695   Driver <string>  = "KeyboardQueue" (cb=14)
00:00:05.048697 
00:00:05.048697 [/Devices/pckbd/0/LUN#0/AttachedDriver/] (level 5)
00:00:05.048700   Driver <string>  = "MainKeyboard" (cb=13)
00:00:05.048701 
00:00:05.048702 [/Devices/pckbd/0/LUN#0/AttachedDriver/Config/] (level 6)
00:00:05.048705   Object <integer> = 0x00007f60f800b520 (140 054 454 383 904)
00:00:05.048707 
00:00:05.048708 [/Devices/pckbd/0/LUN#0/Config/] (level 5)
00:00:05.048710   QueueSize <integer> = 0x0000000000000040 (64)
00:00:05.048712 
00:00:05.048712 [/Devices/pckbd/0/LUN#1/] (level 4)
00:00:05.048715   Driver <string>  = "MouseQueue" (cb=11)
00:00:05.048716 
00:00:05.048716 [/Devices/pckbd/0/LUN#1/AttachedDriver/] (level 5)
00:00:05.048719   Driver <string>  = "MainMouse" (cb=10)
00:00:05.048720 
00:00:05.048721 [/Devices/pckbd/0/LUN#1/AttachedDriver/Config/] (level 6)
00:00:05.048723   Object <integer> = 0x00007f60f800bff0 (140 054 454 386 672)
00:00:05.048726 
00:00:05.048727 [/Devices/pckbd/0/LUN#1/Config/] (level 5)
00:00:05.048729   QueueSize <integer> = 0x0000000000000080 (128)
00:00:05.048731 
00:00:05.048731 [/Devices/pcnet/] (level 2)
00:00:05.048733 
00:00:05.048734 [/Devices/piix3ide/] (level 2)
00:00:05.048736 
00:00:05.048736 [/Devices/piix3ide/0/] (level 3)
00:00:05.048738   PCIBusNo      <integer> = 0x0000000000000000 (0)
00:00:05.048740   PCIDeviceNo   <integer> = 0x0000000000000001 (1)
00:00:05.048741   PCIFunctionNo <integer> = 0x0000000000000001 (1)
00:00:05.048743   Trusted       <integer> = 0x0000000000000001 (1)
00:00:05.048744 
00:00:05.048745 [/Devices/piix3ide/0/Config/] (level 4)
00:00:05.048747   Type <string>  = "PIIX4" (cb=6)
00:00:05.048749 
00:00:05.048749 [/Devices/piix3ide/0/Config/SecondaryMaster/] (level 5)
00:00:05.048752   NonRotationalMedium <integer> = 0x0000000000000000 (0)
00:00:05.048753 
00:00:05.048754 [/Devices/piix3ide/0/LUN#2/] (level 4)
00:00:05.048756   Driver <string>  = "HostDVD" (cb=8)
00:00:05.048758 
00:00:05.048758 [/Devices/piix3ide/0/LUN#2/Config/] (level 5)
00:00:05.048761   Passthrough <integer> = 0x0000000000000000 (0)
00:00:05.048762   Path        <string>  = "/dev/sr0" (cb=9)
00:00:05.048764 
00:00:05.048764 [/Devices/piix3ide/0/LUN#999/] (level 4)
00:00:05.048767   Driver <string>  = "MainStatus" (cb=11)
00:00:05.048768 
00:00:05.048768 [/Devices/piix3ide/0/LUN#999/Config/] (level 5)
00:00:05.048771   DeviceInstance        <string>  = "piix3ide/0" (cb=11)
00:00:05.048773   First                 <integer> = 0x0000000000000000 (0)
00:00:05.048774   Last                  <integer> = 0x0000000000000003 (3)
00:00:05.048776   pConsole              <integer> = 0x00007f60f8001160 (140 054 454 341 984)
00:00:05.048779   papLeds               <integer> = 0x00007f60f8001450 (140 054 454 342 736)
00:00:05.048782   pmapMediumAttachments <integer> = 0x00007f60f8001758 (140 054 454 343 512)
00:00:05.048784 
00:00:05.048785 [/Devices/serial/] (level 2)
00:00:05.048787 
00:00:05.048787 [/Devices/usb-ehci/] (level 2)
00:00:05.048789 
00:00:05.048790 [/Devices/usb-ehci/0/] (level 3)
00:00:05.048792   PCIBusNo      <integer> = 0x0000000000000000 (0)
00:00:05.048794   PCIDeviceNo   <integer> = 0x000000000000000b (11)
00:00:05.048795   PCIFunctionNo <integer> = 0x0000000000000000 (0)
00:00:05.048797   Trusted       <integer> = 0x0000000000000001 (1)
00:00:05.048798 
00:00:05.048799 [/Devices/usb-ehci/0/Config/] (level 4)
00:00:05.048801 
00:00:05.048802 [/Devices/usb-ehci/0/LUN#0/] (level 4)
00:00:05.048804   Driver <string>  = "VUSBRootHub" (cb=12)
00:00:05.048805 
00:00:05.048806 [/Devices/usb-ehci/0/LUN#0/Config/] (level 5)
00:00:05.048808 
00:00:05.048809 [/Devices/usb-ehci/0/LUN#999/] (level 4)
00:00:05.048811   Driver <string>  = "MainStatus" (cb=11)
00:00:05.048818 
00:00:05.048819 [/Devices/usb-ehci/0/LUN#999/Config/] (level 5)
00:00:05.048821   First   <integer> = 0x0000000000000000 (0)
00:00:05.048823   Last    <integer> = 0x0000000000000000 (0)
00:00:05.048824   papLeds <integer> = 0x00007f60f8001750 (140 054 454 343 504)
00:00:05.048827 
00:00:05.048827 [/Devices/usb-ohci/] (level 2)
00:00:05.048829 
00:00:05.048830 [/Devices/usb-ohci/0/] (level 3)
00:00:05.048832   PCIBusNo      <integer> = 0x0000000000000000 (0)
00:00:05.048833   PCIDeviceNo   <integer> = 0x0000000000000006 (6)
00:00:05.048835   PCIFunctionNo <integer> = 0x0000000000000000 (0)
00:00:05.048836   Trusted       <integer> = 0x0000000000000001 (1)
00:00:05.048838 
00:00:05.048838 [/Devices/usb-ohci/0/Config/] (level 4)
00:00:05.048841 
00:00:05.048841 [/Devices/usb-ohci/0/LUN#0/] (level 4)
00:00:05.048843   Driver <string>  = "VUSBRootHub" (cb=12)
00:00:05.048845 
00:00:05.048845 [/Devices/usb-ohci/0/LUN#0/Config/] (level 5)
00:00:05.048848 
00:00:05.048848 [/Devices/usb-ohci/0/LUN#999/] (level 4)
00:00:05.048851   Driver <string>  = "MainStatus" (cb=11)
00:00:05.048852 
00:00:05.048852 [/Devices/usb-ohci/0/LUN#999/Config/] (level 5)
00:00:05.048855   First   <integer> = 0x0000000000000000 (0)
00:00:05.048856   Last    <integer> = 0x0000000000000000 (0)
00:00:05.048858   papLeds <integer> = 0x00007f60f8001748 (140 054 454 343 496)
00:00:05.048860 
00:00:05.048861 [/Devices/vga/] (level 2)
00:00:05.048863 
00:00:05.048863 [/Devices/vga/0/] (level 3)
00:00:05.048866   PCIBusNo      <integer> = 0x0000000000000000 (0)
00:00:05.048867   PCIDeviceNo   <integer> = 0x0000000000000002 (2)
00:00:05.048869   PCIFunctionNo <integer> = 0x0000000000000000 (0)
00:00:05.048870   Trusted       <integer> = 0x0000000000000001 (1)
00:00:05.048871 
00:00:05.048872 [/Devices/vga/0/Config/] (level 4)
00:00:05.048875   CustomVideoModes <integer> = 0x0000000000000000 (0)
00:00:05.048876   FadeIn           <integer> = 0x0000000000000001 (1)
00:00:05.048878   FadeOut          <integer> = 0x0000000000000001 (1)
00:00:05.048880   HeightReduction  <integer> = 0x0000000000000000 (0)
00:00:05.048881   LogoFile         <string>  = "" (cb=1)
00:00:05.048882   LogoTime         <integer> = 0x0000000000000000 (0)
00:00:05.048884   MonitorCount     <integer> = 0x0000000000000001 (1)
00:00:05.048886   ShowBootMenu     <integer> = 0x0000000000000002 (2)
00:00:05.048887   VRamSize         <integer> = 0x0000000000c00000 (12 582 912, 12 MB)
00:00:05.048890 
00:00:05.048891 [/Devices/vga/0/LUN#0/] (level 4)
00:00:05.048893   Driver <string>  = "MainDisplay" (cb=12)
00:00:05.048894 
00:00:05.048895 [/Devices/vga/0/LUN#0/Config/] (level 5)
00:00:05.048897   Object <integer> = 0x00007f60f8001a10 (140 054 454 344 208)
00:00:05.048900 
00:00:05.048901 [/Devices/virtio-net/] (level 2)
00:00:05.048902 
00:00:05.048903 [/HWVirtExt/] (level 1)
00:00:05.048905   EnableLargePages   <integer> = 0x0000000000000000 (0)
00:00:05.048907   EnableNestedPaging <integer> = 0x0000000000000001 (1)
00:00:05.048908   EnableVPID         <integer> = 0x0000000000000001 (1)
00:00:05.048910   Enabled            <integer> = 0x0000000000000001 (1)
00:00:05.048912   Exclusive          <integer> = 0x0000000000000001 (1)
00:00:05.048913 
00:00:05.048914 [/MM/] (level 1)
00:00:05.048915   CanUseLargerHeap <integer> = 0x0000000000000000 (0)
00:00:05.048917 
00:00:05.048918 [/PDM/] (level 1)
00:00:05.048919 
00:00:05.048920 [/PDM/AsyncCompletion/] (level 2)
00:00:05.048922 
00:00:05.048922 [/PDM/AsyncCompletion/File/] (level 3)
00:00:05.048924 
00:00:05.048925 [/PDM/AsyncCompletion/File/BwGroups/] (level 4)
00:00:05.048927 
00:00:05.048928 [/PDM/BlkCache/] (level 2)
00:00:05.048930   CacheSize <integer> = 0x0000000000500000 (5 242 880, 5 MB)
00:00:05.048933 
00:00:05.048933 [/PDM/Devices/] (level 2)
00:00:05.048935 
00:00:05.048936 [/PDM/Devices/VBoxEhci/] (level 3)
00:00:05.048938   Path         <string>  = "/usr/lib/virtualbox/ExtensionPacks/Oracle_VM_VirtualBox_Extension_Pack/linux.amd64/VBoxEhciR3.so" (cb=97)
00:00:05.048940   R0SearchPath <string>  = "/usr/lib/virtualbox/ExtensionPacks/Oracle_VM_VirtualBox_Extension_Pack/linux.amd64" (cb=83)
00:00:05.048941   RCSearchPath <string>  = "/usr/lib/virtualbox/ExtensionPacks/Oracle_VM_VirtualBox_Extension_Pack/linux.amd64" (cb=83)
00:00:05.048942 
00:00:05.048943 [/PDM/Devices/VBoxPciRaw/] (level 3)
00:00:05.048945   Path         <string>  = "/usr/lib/virtualbox/ExtensionPacks/Oracle_VM_VirtualBox_Extension_Pack/linux.amd64/VBoxPciRawR3.so" (cb=99)
00:00:05.048947   R0SearchPath <string>  = "/usr/lib/virtualbox/ExtensionPacks/Oracle_VM_VirtualBox_Extension_Pack/linux.amd64" (cb=83)
00:00:05.048948 
00:00:05.048949 [/PDM/Drivers/] (level 2)
00:00:05.048951 
00:00:05.048951 [/PDM/Drivers/VBoxC/] (level 3)
00:00:05.048953   Path <string>  = "/usr/lib/virtualbox/components/VBoxC" (cb=37)
00:00:05.048954 
00:00:05.048955 [/PDM/Drivers/VBoxPciRawDrv/] (level 3)
00:00:05.048957   Path <string>  = "/usr/lib/virtualbox/ExtensionPacks/Oracle_VM_VirtualBox_Extension_Pack/linux.amd64/VBoxPciRawDrv.so" (cb=100)
00:00:05.048959 
00:00:05.048959 [/PDM/NetworkShaper/] (level 2)
00:00:05.048961 
00:00:05.048962 [/PDM/NetworkShaper/BwGroups/] (level 3)
00:00:05.048964 
00:00:05.048964 [/PDM/USB/] (level 2)
00:00:05.048966 
00:00:05.048967 [/PDM/USB/VBoxUsbCardReader/] (level 3)
00:00:05.048969   Path <string>  = "/usr/lib/virtualbox/ExtensionPacks/Oracle_VM_VirtualBox_Extension_Pack/linux.amd64/VBoxUsbCardReaderR3.so" (cb=106)
00:00:05.048970 
00:00:05.048971 [/PDM/USB/VBoxUsbWebcam/] (level 3)
00:00:05.048973   Path <string>  = "/usr/lib/virtualbox/ExtensionPacks/Oracle_VM_VirtualBox_Extension_Pack/linux.amd64/VBoxUsbWebcamR3.so" (cb=102)
00:00:05.048975 
00:00:05.048975 [/TM/] (level 1)
00:00:05.048977   UTCOffset <integer> = 0x0000000000000000 (0)
00:00:05.048978 
00:00:05.048979 [/USB/] (level 1)
00:00:05.048980 
00:00:05.048981 [/USB/HidMouse/] (level 2)
00:00:05.048983 
00:00:05.048984 [/USB/HidMouse/0/] (level 3)
00:00:05.048985 
00:00:05.048986 [/USB/HidMouse/0/Config/] (level 4)
00:00:05.048988   Absolute <integer> = 0x0000000000000001 (1)
00:00:05.048990 
00:00:05.048990 [/USB/HidMouse/0/LUN#0/] (level 4)
00:00:05.048993   Driver <string>  = "MouseQueue" (cb=11)
00:00:05.048994 
00:00:05.048995 [/USB/HidMouse/0/LUN#0/AttachedDriver/] (level 5)
00:00:05.048997   Driver <string>  = "MainMouse" (cb=10)
00:00:05.048998 
00:00:05.048999 [/USB/HidMouse/0/LUN#0/AttachedDriver/Config/] (level 6)
00:00:05.049002   Object <integer> = 0x00007f60f800bff0 (140 054 454 386 672)
00:00:05.049004 
00:00:05.049005 [/USB/HidMouse/0/LUN#0/Config/] (level 5)
00:00:05.049007   QueueSize <integer> = 0x0000000000000080 (128)
00:00:05.049009 
00:00:05.049010 [/USB/USBProxy/] (level 2)
00:00:05.049011 
00:00:05.049012 [/USB/USBProxy/GlobalConfig/] (level 3)
00:00:05.049014 
00:00:05.049015 ********************* End of CFGM dump **********************
00:00:05.049151 MM: cbHyperHeap=0x140000 (1310720)
00:00:05.052569 CPUMSetGuestCpuIdFeature: Enabled PAE
00:00:05.053730 Debug: HCPhysInterPD=0000000037858000 HCPhysInterPaePDPT=000000003785b000 HCPhysInterPaePML4=0000000037809000
00:00:05.053761 Debug: apInterPTs={0000000037859000,000000003785a000} apInterPaePTs={0000000159379000,000000015937a000} apInterPaePDs={000000015937b000,000000015937c000,000000015937d000,000000015937e000} pInterPaePDPT64=0000000037808000
00:00:05.053782 Host paging mode: AMD64+PGE+NX
00:00:05.053797 PGMPool: cMaxPages=288 (u64MaxPages=288)
00:00:05.053809 pgmR3PoolInit: cMaxPages=0x120 cMaxUsers=0x240 cMaxPhysExts=0x240 fCacheEnable=true 
00:00:05.061202 TM: GIP - u32Mode=1 (SyncTSC) u32UpdateHz=100
00:00:05.093326 TM: cTSCTicksPerSecond=0xc44d66b4 (3 293 406 900) fTSCVirtualized=true  fTSCUseRealTSC=false
00:00:05.093335 TM: fMaybeUseOffsettedHostTSC=true  TSCTiedToExecution=false TSCNotTiedToHalt=false
00:00:05.093758 CoreCode: R3=00007f610a753000 R0=ffffc900057a5000 RC=a0389000 Phys=000000003789e000 cb=0x2000
00:00:05.130066 AIOMgr: Default manager type is "Async"
00:00:05.130106 AIOMgr: Default file backend is "NonBuffered"
00:00:05.130258 BlkCache: Cache successfully initialised. Cache size is 5242880 bytes
00:00:05.130283 BlkCache: Cache commit interval is 10000 ms
00:00:05.130290 BlkCache: Cache commit threshold is 2621440 bytes
00:00:05.202828 [SMP] BIOS with 1 CPUs
00:00:05.215582 DevPcBios: Using LAN ROM '/usr/lib/virtualbox/ExtensionPacks/Oracle_VM_VirtualBox_Extension_Pack/PXE-Intel.rom' with a size of 0xc000 bytes
00:00:05.284143 SUP: Loaded VBoxDDR0.r0 (/usr/lib/virtualbox/VBoxDDR0.r0) at 0xffffffffa05ee020 - ModuleInit at 0000000000000000 and ModuleTerm at 0000000000000000
00:00:05.299741 SUP: Loaded VBoxDD2R0.r0 (/usr/lib/virtualbox/VBoxDD2R0.r0) at 0xffffffffa00ac020 - ModuleInit at 0000000000000000 and ModuleTerm at 0000000000000000
00:00:05.299779 Activating Local APIC
00:00:05.299786 CPUMSetGuestCpuIdFeature: Enabled APIC
00:00:05.299791 CPUMClearGuestCpuIdFeature: Disabled x2APIC
00:00:05.299984 PIT: mode=3 count=0x10000 (65536) - 18.20 Hz (ch=0)
00:00:05.316474 Shared Folders service loaded.
00:00:05.355584 Chipset cannot do MSI: VERR_NOT_IMPLEMENTED
00:00:05.355795 DrvBlock: Flushes will be ignored
00:00:05.355805 DrvBlock: Async flushes will be passed to the disk
00:00:05.355998 VDInit finished
00:00:05.356100 pdmacFileEpInitialize: RTFileOpen /afs/cats.ucsc.edu/users/k/jleihe/VirtualBox VMs/Ubunt/Ubuntu.vdi / 000c0723 failed with VERR_INVALID_PARAMETER
00:00:05.356267 AIOMgr: Endpoint for file '/afs/cats.ucsc.edu/users/k/jleihe/VirtualBox VMs/Ubunt/Ubuntu.vdi' (flags 00000723) created successfully
00:00:05.356489 VD: Opening the disk took 662532 ns
00:00:05.356526 AHCI: LUN#0: disk, PCHS=16383/16/63, total number of sectors 16777216
00:00:05.356546 AHCI: LUN#0: using async I/O
00:00:05.356588 AHCI#0: Reset the HBA
00:00:05.357011 PIIX3 ATA: LUN#0: no unit
00:00:05.357027 PIIX3 ATA: LUN#1: no unit
00:00:05.372190 PIIX3 ATA: LUN#2: CD/DVD, total number of sectors 0, passthrough disabled
00:00:05.372236 PIIX3 ATA: LUN#3: no unit
00:00:05.372284 PIIX3 ATA: Ctl#1: finished processing RESET
00:00:05.372301 PIIX3 ATA: Ctl#0: finished processing RESET
00:00:05.381012 NAT: DNS#0: 128.114.104.250
00:00:05.381068 NAT: DNS#1: 128.114.108.150
00:00:05.381083 NAT: DNS#2: 128.114.142.6
00:00:05.381094 NAT: DNS#3: 128.114.129.33
00:00:05.381139 Audio: Trying driver 'pulse'.
00:00:05.394077 Audio: set_record_source ars=0 als=0 (not implemented)
00:00:05.394144 Pulse: open PCM_IN rate=44100Hz channels=2 format=s16le
00:00:05.394182 Pulse: Requested record buffer attributes: maxlength=26460 fragsize=17640
00:00:05.398894 Pulse:  Obtained record buffer attributes: maxlength=26460 fragsize=8820
00:00:05.399007 Pulse: open PCM_OUT rate=44100Hz channels=2 format=s16le
00:00:05.399048 Pulse: Requested playback buffer attributes: maxlength=26460 tlength=17640 prebuf=-1 minreq=-1
00:00:05.406056 Pulse:  Obtained playback buffer attributes: maxlength=26460 tlength=12348 prebuf=8824 minreq=3528
00:00:05.407074 VUSB: attached 'HidMouse' to port 1
00:00:05.408236 SUP: Loaded VBoxEhciR0.r0 (/usr/lib/virtualbox/ExtensionPacks/Oracle_VM_VirtualBox_Extension_Pack/linux.amd64/VBoxEhciR0.r0) at 0xffffffffa0032020 - ModuleInit at 0000000000000000 and ModuleTerm at 0000000000000000
00:00:05.416175 DevPcBios: SATA LUN#0 LCHS=1024/255/63
00:00:05.416335 PGM: The CPU physical address width is 36 bits
00:00:05.416352 PGMR3InitFinalize: 4 MB PSE mask 0000000fffffffff
00:00:05.436791 VMM: fUsePeriodicPreemptionTimers=true 
00:00:05.437248 Logical host processors: 4 present, 4 max, 4 online, online mask: 000000000000000f
00:00:05.437250 ************************* CPUID dump ************************
00:00:05.437255          RAW Standard CPUIDs
00:00:05.437255      Function  eax      ebx      ecx      edx
00:00:05.437256 Gst: 00000000  00000005 756e6547 6c65746e 49656e69
00:00:05.437258 Hst:           0000000d 756e6547 6c65746e 49656e69
00:00:05.437259 Gst: 00000001  000206a7 00000800 00000209 078bf3ff
00:00:05.437260 Hst:           000206a7 03100800 1d9ae3bf bfebfbff
00:00:05.437262 Gst: 00000002  76035a01 00f0b2ff 00000000 00ca0000
00:00:05.437263 Hst:           76035a01 00f0b2ff 00000000 00ca0000
00:00:05.437264 Gst: 00000003  00000000 00000000 00000000 00000000
00:00:05.437265 Hst:           00000000 00000000 00000000 00000000
00:00:05.437265 Gst: 00000004  00000000 00000000 00000000 00000000
00:00:05.437266 Hst:           1c004121 01c0003f 0000003f 00000000
00:00:05.437267 Gst: 00000005  00000040 00000040 00000000 00000000
00:00:05.437268 Hst:           00000040 00000040 00000003 00001120
00:00:05.437270 Name:                            GenuineIntel
00:00:05.437270 Supports:                        0-5
00:00:05.437272 Family:                          6  	Extended: 0 	Effective: 6
00:00:05.437272 Model:                           10  	Extended: 2 	Effective: 42
00:00:05.437273 Stepping:                        7
00:00:05.437274 Type:                            0 (primary)
00:00:05.437274 APIC ID:                         0x00
00:00:05.437275 Logical CPUs:                    0
00:00:05.437275 CLFLUSH Size:                    8
00:00:05.437276 Brand ID:                        0x00
00:00:05.437276 Mnemonic - Description                 = guest (host)
00:00:05.437277 FPU - x87 FPU on Chip                  = 1 (1)
00:00:05.437278 VME - Virtual 8086 Mode Enhancements   = 1 (1)
00:00:05.437278 DE - Debugging extensions              = 1 (1)
00:00:05.437279 PSE - Page Size Extension              = 1 (1)
00:00:05.437279 TSC - Time Stamp Counter               = 1 (1)
00:00:05.437280 MSR - Model Specific Registers         = 1 (1)
00:00:05.437280 PAE - Physical Address Extension       = 1 (1)
00:00:05.437281 MCE - Machine Check Exception          = 1 (1)
00:00:05.437281 CX8 - CMPXCHG8B instruction            = 1 (1)
00:00:05.437282 APIC - APIC On-Chip                    = 1 (1)
00:00:05.437283 10 - Reserved                          = 0 (0)
00:00:05.437283 SEP - SYSENTER and SYSEXIT             = 0 (1)
00:00:05.437284 MTRR - Memory Type Range Registers     = 1 (1)
00:00:05.437284 PGE - PTE Global Bit                   = 1 (1)
00:00:05.437285 MCA - Machine Check Architecture       = 1 (1)
00:00:05.437285 CMOV - Conditional Move Instructions   = 1 (1)
00:00:05.437286 PAT - Page Attribute Table             = 1 (1)
00:00:05.437286 PSE-36 - 36-bit Page Size Extention    = 1 (1)
00:00:05.437287 PSN - Processor Serial Number          = 0 (0)
00:00:05.437287 CLFSH - CLFLUSH Instruction.           = 1 (1)
00:00:05.437288 20 - Reserved                          = 0 (0)
00:00:05.437289 DS - Debug Store                       = 0 (1)
00:00:05.437289 ACPI - Thermal Mon. & Soft. Clock Ctrl.= 0 (1)
00:00:05.437290 MMX - Intel MMX Technology             = 1 (1)
00:00:05.437290 FXSR - FXSAVE and FXRSTOR Instructions = 1 (1)
00:00:05.437291 SSE - SSE Support                      = 1 (1)
00:00:05.437291 SSE2 - SSE2 Support                    = 1 (1)
00:00:05.437292 SS - Self Snoop                        = 0 (1)
00:00:05.437292 HTT - Hyper-Threading Technology       = 0 (1)
00:00:05.437293 TM - Thermal Monitor                   = 0 (1)
00:00:05.437293 30 - Reserved                          = 0 (0)
00:00:05.437294 PBE - Pending Break Enable             = 0 (1)
00:00:05.437294 Supports SSE3                          = 1 (1)
00:00:05.437295 PCLMULQDQ                              = 0 (1)
00:00:05.437295 DS Area 64-bit layout                  = 0 (1)
00:00:05.437296 Supports MONITOR/MWAIT                 = 1 (1)
00:00:05.437296 CPL-DS - CPL Qualified Debug Store     = 0 (1)
00:00:05.437297 VMX - Virtual Machine Technology       = 0 (1)
00:00:05.437298 SMX - Safer Mode Extensions            = 0 (0)
00:00:05.437298 Enhanced SpeedStep Technology          = 0 (1)
00:00:05.437299 Terminal Monitor 2                     = 0 (1)
00:00:05.437300 Supplemental SSE3 instructions         = 1 (1)
00:00:05.437300 L1 Context ID                          = 0 (0)
00:00:05.437301 11 - Reserved                          = 0 (0)
00:00:05.437301 FMA extensions using YMM state         = 0 (0)
00:00:05.437302 CMPXCHG16B instruction                 = 0 (1)
00:00:05.437303 xTPR Update Control                    = 0 (1)
00:00:05.437303 Perf/Debug Capability MSR              = 0 (1)
00:00:05.437304 16 - Reserved                          = 0 (0)
00:00:05.437304 PCID - Process-context identifiers     = 0 (1)
00:00:05.437305 DCA - Direct Cache Access              = 0 (0)
00:00:05.437305 SSE4.1 instruction extensions          = 0 (1)
00:00:05.437306 SSE4.2 instruction extensions          = 0 (1)
00:00:05.437306 Supports the x2APIC extensions         = 0 (0)
00:00:05.437307 MOVBE instruction                      = 0 (0)
00:00:05.437307 POPCNT instruction                     = 0 (1)
00:00:05.437308 TSC-Deadline LAPIC timer mode          = 0 (1)
00:00:05.437308 AESNI instruction extensions           = 0 (0)
00:00:05.437309 XSAVE/XRSTOR extended state feature    = 0 (1)
00:00:05.437309 Supports OSXSAVE                       = 0 (1)
00:00:05.437310 AVX instruction extensions             = 0 (1)
00:00:05.437310 29/30 - Reserved                       = 0x0 (0x0)
00:00:05.437311 Hypervisor Present (we're a guest)     = 0 (0)
00:00:05.437312 
00:00:05.437312          RAW Extended CPUIDs
00:00:05.437312      Function  eax      ebx      ecx      edx
00:00:05.437313 Gst: 80000000  80000008 00000000 00000000 00000000
00:00:05.437314 Hst:           80000008 00000000 00000000 00000000
00:00:05.437315 Gst: 80000001  00000000 00000000 00000000 08000000
00:00:05.437316 Hst:           00000000 00000000 00000001 28100800
00:00:05.437317 Gst: 80000002  20202020 20202020 65746e49 2952286c
00:00:05.437318 Hst:           20202020 20202020 65746e49 2952286c
00:00:05.437320 Gst: 80000003  726f4320 4d542865 33692029 3231322d
00:00:05.437321 Hst:           726f4320 4d542865 33692029 3231322d
00:00:05.437323 Gst: 80000004  50432030 20402055 30332e33 007a4847
00:00:05.437324 Hst:           50432030 20402055 30332e33 007a4847
00:00:05.437325 Gst: 80000005  00000000 00000000 00000000 00000000
00:00:05.437326 Hst:           00000000 00000000 00000000 00000000
00:00:05.437327 Gst: 80000006  00000000 00000000 01006040 00000000
00:00:05.437328 Hst:           00000000 00000000 01006040 00000000
00:00:05.437329 Gst: 80000007  00000000 00000000 00000000 00000000
00:00:05.437329 Hst:           00000000 00000000 00000000 00000100
00:00:05.437330 Gst: 80000008  00003024 00000000 00000000 00000000
00:00:05.437331 Hst:           00003024 00000000 00000000 00000000
00:00:05.437332 Gst: 80000009  00000007 00000340 00000340 00000000*
00:00:05.437333 Hst:           00000007 00000340 00000340 00000000
00:00:05.437334 Ext Name:                        
00:00:05.437334 Ext Supports:                    0x80000000-0x80000008
00:00:05.437335 Family:                          0  	Extended: 0 	Effective: 0
00:00:05.437336 Model:                           0  	Extended: 0 	Effective: 0
00:00:05.437337 Stepping:                        0
00:00:05.437337 Brand ID:                        0x000
00:00:05.437338 Mnemonic - Description                 = guest (host)
00:00:05.437338 FPU - x87 FPU on Chip                  = 0 (0)
00:00:05.437339 VME - Virtual 8086 Mode Enhancements   = 0 (0)
00:00:05.437339 DE - Debugging extensions              = 0 (0)
00:00:05.437340 PSE - Page Size Extension              = 0 (0)
00:00:05.437340 TSC - Time Stamp Counter               = 0 (0)
00:00:05.437341 MSR - K86 Model Specific Registers     = 0 (0)
00:00:05.437341 PAE - Physical Address Extension       = 0 (0)
00:00:05.437342 MCE - Machine Check Exception          = 0 (0)
00:00:05.437342 CX8 - CMPXCHG8B instruction            = 0 (0)
00:00:05.437343 APIC - APIC On-Chip                    = 0 (0)
00:00:05.437344 10 - Reserved                          = 0 (0)
00:00:05.437344 SEP - SYSCALL and SYSRET               = 0 (1)
00:00:05.437345 MTRR - Memory Type Range Registers     = 0 (0)
00:00:05.437345 PGE - PTE Global Bit                   = 0 (0)
00:00:05.437346 MCA - Machine Check Architecture       = 0 (0)
00:00:05.437346 CMOV - Conditional Move Instructions   = 0 (0)
00:00:05.437347 PAT - Page Attribute Table             = 0 (0)
00:00:05.437347 PSE-36 - 36-bit Page Size Extention    = 0 (0)
00:00:05.437348 18 - Reserved                          = 0 (0)
00:00:05.437348 19 - Reserved                          = 0 (0)
00:00:05.437349 NX - No-Execute Page Protection        = 0 (1)
00:00:05.437349 DS - Debug Store                       = 0 (0)
00:00:05.437350 AXMMX - AMD Extensions to MMX Instr.   = 0 (0)
00:00:05.437350 MMX - Intel MMX Technology             = 0 (0)
00:00:05.437351 FXSR - FXSAVE and FXRSTOR Instructions = 0 (0)
00:00:05.437352 25 - AMD fast FXSAVE and FXRSTOR Instr.= 0 (0)
00:00:05.437352 26 - 1 GB large page support           = 0 (0)
00:00:05.437353 27 - RDTSCP instruction                = 1 (1)
00:00:05.437353 28 - Reserved                          = 0 (0)
00:00:05.437354 29 - AMD Long Mode                     = 0 (1)
00:00:05.437354 30 - AMD Extensions to 3DNow!          = 0 (0)
00:00:05.437355 31 - AMD 3DNow!                        = 0 (0)
00:00:05.437355 LahfSahf - LAHF/SAHF in 64-bit mode    = 0 (1)
00:00:05.437356 CmpLegacy - Core MP legacy mode (depr) = 0 (0)
00:00:05.437356 SVM - AMD VM Extensions                = 0 (0)
00:00:05.437357 APIC registers starting at 0x400       = 0 (0)
00:00:05.437357 AltMovCR8 - LOCK MOV CR0 means MOV CR8 = 0 (0)
00:00:05.437358 5  - Advanced bit manipulation         = 0 (0)
00:00:05.437358 6  - SSE4A instruction support         = 0 (0)
00:00:05.437359 7  - Misaligned SSE mode               = 0 (0)
00:00:05.437360 8  - PREFETCH and PREFETCHW instruction= 0 (0)
00:00:05.437360 9  - OS visible workaround             = 0 (0)
00:00:05.437361 10 - Instruction based sampling        = 0 (0)
00:00:05.437361 11 - SSE5 support                      = 0 (0)
00:00:05.437362 12 - SKINIT, STGI, and DEV support     = 0 (0)
00:00:05.437362 13 - Watchdog timer support.           = 0 (0)
00:00:05.437363 31:14 - Reserved                       = 0x0 (0x0)
00:00:05.437363 Full Name:                               Intel(R) Core(TM) i3-2120 CPU @ 3.30GHz
00:00:05.437364 TLB 2/4M Instr/Uni:              res0     0 entries
00:00:05.437365 TLB 2/4M Data:                   res0     0 entries
00:00:05.437365 TLB 4K Instr/Uni:                res0     0 entries
00:00:05.437366 TLB 4K Data:                     res0     0 entries
00:00:05.437367 L1 Instr Cache Line Size:        0 bytes
00:00:05.437367 L1 Instr Cache Lines Per Tag:    0
00:00:05.437367 L1 Instr Cache Associativity:    res0  
00:00:05.437368 L1 Instr Cache Size:             0 KB
00:00:05.437368 L1 Data Cache Line Size:         0 bytes
00:00:05.437369 L1 Data Cache Lines Per Tag:     0
00:00:05.437369 L1 Data Cache Associativity:     res0  
00:00:05.437370 L1 Data Cache Size:              0 KB
00:00:05.437370 L2 TLB 2/4M Instr/Uni:           off       0 entries
00:00:05.437371 L2 TLB 2/4M Data:                off       0 entries
00:00:05.437371 L2 TLB 4K Instr/Uni:             off       0 entries
00:00:05.437372 L2 TLB 4K Data:                  off       0 entries
00:00:05.437372 L2 Cache Line Size:              0 bytes
00:00:05.437373 L2 Cache Lines Per Tag:          0
00:00:05.437374 L2 Cache Associativity:          off   
00:00:05.437374 L2 Cache Size:                   0 KB
00:00:05.437375 APM Features:                   
00:00:05.437375 Physical Address Width:          36 bits
00:00:05.437376 Virtual Address Width:           48 bits
00:00:05.437376 Guest Physical Address Width:    0 bits
00:00:05.437377 Physical Core Count:             0
00:00:05.437377 
00:00:05.437378          RAW Centaur CPUIDs
00:00:05.437378      Function  eax      ebx      ecx      edx
00:00:05.437379 Gst: c0000000  00000007 00000340 00000340 00000000
00:00:05.437380 Hst:           00000007 00000340 00000340 00000000
00:00:05.437380 Gst: c0000001  00000007 00000340 00000340 00000000
00:00:05.437381 Hst:           00000007 00000340 00000340 00000000
00:00:05.437382 Gst: c0000002  00000007 00000340 00000340 00000000
00:00:05.437383 Hst:           00000007 00000340 00000340 00000000
00:00:05.437384 Gst: c0000003  00000007 00000340 00000340 00000000
00:00:05.437385 Hst:           00000007 00000340 00000340 00000000
00:00:05.437386 Centaur Supports:                0xc0000000-0x00000007
00:00:05.437386 Mnemonic - Description                 = guest (host)
00:00:05.437387 AIS - Alternate Instruction Set        = 0 (0)
00:00:05.437387 AIS-E - AIS enabled                    = 0 (0)
00:00:05.437388 RNG - Random Number Generator          = 0 (0)
00:00:05.437389 RNG-E - RNG enabled                    = 0 (0)
00:00:05.437389 LH - LongHaul MSR 0000_110Ah           = 0 (0)
00:00:05.437390 FEMMS - FEMMS                          = 0 (0)
00:00:05.437390 ACE - Advanced Cryptography Engine     = 0 (0)
00:00:05.437391 ACE-E - ACE enabled                    = 0 (0)
00:00:05.437391 ACE2 - Advanced Cryptography Engine 2  = 0 (0)
00:00:05.437392 ACE2-E - ACE enabled                   = 0 (0)
00:00:05.437392 PHE - Padlock Hash Engine              = 0 (0)
00:00:05.437393 PHE-E - PHE enabled                    = 0 (0)
00:00:05.437393 PMM - Montgomery Multiplier            = 0 (0)
00:00:05.437394 PMM-E - PMM enabled                    = 0 (0)
00:00:05.437394 14 - Reserved                          = 0 (0)
00:00:05.437395 15 - Reserved                          = 0 (0)
00:00:05.437395 Parallax                               = 0 (0)
00:00:05.437396 Parallax enabled                       = 0 (0)
00:00:05.437397 Overstress                             = 0 (0)
00:00:05.437397 Overstress enabled                     = 0 (0)
00:00:05.437398 TM3 - Temperature Monitoring 3         = 0 (0)
00:00:05.437398 TM3-E - TM3 enabled                    = 0 (0)
00:00:05.437399 RNG2 - Random Number Generator 2       = 0 (0)
00:00:05.437399 RNG2-E - RNG2 enabled                  = 0 (0)
00:00:05.437400 24 - Reserved                          = 0 (0)
00:00:05.437400 PHE2 - Padlock Hash Engine 2           = 0 (0)
00:00:05.437401 PHE2-E - PHE2 enabled                  = 0 (0)
00:00:05.437401 Bit 27                                 = 1 (0)
00:00:05.437402 
00:00:05.437403 
00:00:05.437403 ******************** End of CPUID dump **********************
00:00:05.437497 HWACCM: Host CR4=000407F0
00:00:05.437499 HWACCM: MSR_IA32_FEATURE_CONTROL      = 5
00:00:05.437500 HWACCM: MSR_IA32_VMX_BASIC_INFO       = da040000000010
00:00:05.437501 HWACCM: VMCS id                       = 10
00:00:05.437502 HWACCM: VMCS size                     = 400
00:00:05.437502 HWACCM: VMCS physical address limit   = None
00:00:05.437503 HWACCM: VMCS memory type              = 6
00:00:05.437503 HWACCM: Dual monitor treatment        = 1
00:00:05.437504 HWACCM: MSR_IA32_VMX_PINBASED_CTLS    = 7f00000016
00:00:05.437505 HWACCM:    VMX_VMCS_CTRL_PIN_EXEC_CONTROLS_EXT_INT_EXIT
00:00:05.437505 HWACCM:    VMX_VMCS_CTRL_PIN_EXEC_CONTROLS_NMI_EXIT
00:00:05.437506 HWACCM:    VMX_VMCS_CTRL_PIN_EXEC_CONTROLS_VIRTUAL_NMI
00:00:05.437507 HWACCM:    VMX_VMCS_CTRL_PIN_EXEC_CONTROLS_PREEMPT_TIMER
00:00:05.437507 HWACCM: MSR_IA32_VMX_PROCBASED_CTLS   = fff9fffe0401e172
00:00:05.437509 HWACCM:    VMX_VMCS_CTRL_PROC_EXEC_CONTROLS_IRQ_WINDOW_EXIT
00:00:05.437509 HWACCM:    VMX_VMCS_CTRL_PROC_EXEC_CONTROLS_TSC_OFFSET
00:00:05.437509 HWACCM:    VMX_VMCS_CTRL_PROC_EXEC_CONTROLS_HLT_EXIT
00:00:05.437510 HWACCM:    VMX_VMCS_CTRL_PROC_EXEC_CONTROLS_INVLPG_EXIT
00:00:05.437510 HWACCM:    VMX_VMCS_CTRL_PROC_EXEC_CONTROLS_MWAIT_EXIT
00:00:05.437511 HWACCM:    VMX_VMCS_CTRL_PROC_EXEC_CONTROLS_RDPMC_EXIT
00:00:05.437511 HWACCM:    VMX_VMCS_CTRL_PROC_EXEC_CONTROLS_RDTSC_EXIT
00:00:05.437512 HWACCM:    VMX_VMCS_CTRL_PROC_EXEC_CONTROLS_CR3_LOAD_EXIT
00:00:05.437512 HWACCM:    VMX_VMCS_CTRL_PROC_EXEC_CONTROLS_CR3_STORE_EXIT
00:00:05.437513 HWACCM:    VMX_VMCS_CTRL_PROC_EXEC_CONTROLS_CR8_LOAD_EXIT
00:00:05.437513 HWACCM:    VMX_VMCS_CTRL_PROC_EXEC_CONTROLS_CR8_STORE_EXIT
00:00:05.437514 HWACCM:    VMX_VMCS_CTRL_PROC_EXEC_CONTROLS_USE_TPR_SHADOW
00:00:05.437514 HWACCM:    VMX_VMCS_CTRL_PROC_EXEC_CONTROLS_NMI_WINDOW_EXIT
00:00:05.437515 HWACCM:    VMX_VMCS_CTRL_PROC_EXEC_CONTROLS_MOV_DR_EXIT
00:00:05.437515 HWACCM:    VMX_VMCS_CTRL_PROC_EXEC_CONTROLS_UNCOND_IO_EXIT
00:00:05.437516 HWACCM:    VMX_VMCS_CTRL_PROC_EXEC_CONTROLS_USE_IO_BITMAPS
00:00:05.437517 HWACCM:    VMX_VMCS_CTRL_PROC_EXEC_CONTROLS_MONITOR_TRAP_FLAG
00:00:05.437517 HWACCM:    VMX_VMCS_CTRL_PROC_EXEC_CONTROLS_USE_MSR_BITMAPS
00:00:05.437518 HWACCM:    VMX_VMCS_CTRL_PROC_EXEC_CONTROLS_MONITOR_EXIT
00:00:05.437518 HWACCM:    VMX_VMCS_CTRL_PROC_EXEC_CONTROLS_PAUSE_EXIT
00:00:05.437519 HWACCM:    VMX_VMCS_CTRL_PROC_EXEC_USE_SECONDARY_EXEC_CTRL
00:00:05.437519 HWACCM:    VMX_VMCS_CTRL_PROC_EXEC_CONTROLS_CR3_LOAD_EXIT *must* be set
00:00:05.437520 HWACCM:    VMX_VMCS_CTRL_PROC_EXEC_CONTROLS_CR3_STORE_EXIT *must* be set
00:00:05.437520 HWACCM: MSR_IA32_VMX_PROCBASED_CTLS2  = ff00000000
00:00:05.437521 HWACCM:    VMX_VMCS_CTRL_PROC_EXEC2_VIRT_APIC
00:00:05.437522 HWACCM:    VMX_VMCS_CTRL_PROC_EXEC2_EPT
00:00:05.437522 HWACCM:    VMX_VMCS_CTRL_PROC_EXEC2_DESCRIPTOR_INSTR_EXIT
00:00:05.437523 HWACCM:    VMX_VMCS_CTRL_PROC_EXEC2_RDTSCP
00:00:05.437523 HWACCM:    VMX_VMCS_CTRL_PROC_EXEC2_X2APIC
00:00:05.437524 HWACCM:    VMX_VMCS_CTRL_PROC_EXEC2_VPID
00:00:05.437524 HWACCM:    VMX_VMCS_CTRL_PROC_EXEC2_WBINVD_EXIT
00:00:05.437525 HWACCM:    VMX_VMCS_CTRL_PROC_EXEC2_REAL_MODE
00:00:05.437525 HWACCM: MSR_IA32_VMX_ENTRY_CTLS       = ffff000011ff
00:00:05.437526 HWACCM:    VMX_VMCS_CTRL_ENTRY_CONTROLS_LOAD_DEBUG
00:00:05.437526 HWACCM:    VMX_VMCS_CTRL_ENTRY_CONTROLS_IA64_MODE
00:00:05.437527 HWACCM:    VMX_VMCS_CTRL_ENTRY_CONTROLS_ENTRY_SMM
00:00:05.437527 HWACCM:    VMX_VMCS_CTRL_ENTRY_CONTROLS_DEACTIVATE_DUALMON
00:00:05.437528 HWACCM:    VMX_VMCS_CTRL_ENTRY_CONTROLS_LOAD_GUEST_PERF_MSR
00:00:05.437528 HWACCM:    VMX_VMCS_CTRL_ENTRY_CONTROLS_LOAD_GUEST_PAT_MSR
00:00:05.437529 HWACCM:    VMX_VMCS_CTRL_ENTRY_CONTROLS_LOAD_GUEST_EFER_MSR
00:00:05.437529 HWACCM:    VMX_VMCS_CTRL_ENTRY_CONTROLS_LOAD_DEBUG *must* be set
00:00:05.437530 HWACCM: MSR_IA32_VMX_EXIT_CTLS        = 7fffff00036dff
00:00:05.437531 HWACCM:    VMX_VMCS_CTRL_EXIT_CONTROLS_SAVE_DEBUG
00:00:05.437532 HWACCM:    VMX_VMCS_CTRL_EXIT_CONTROLS_HOST_AMD64
00:00:05.437532 HWACCM:    VMX_VMCS_CTRL_EXIT_CONTROLS_ACK_EXTERNAL_IRQ
00:00:05.437533 HWACCM:    VMX_VMCS_CTRL_EXIT_CONTROLS_SAVE_GUEST_PAT_MSR
00:00:05.437533 HWACCM:    VMX_VMCS_CTRL_EXIT_CONTROLS_LOAD_HOST_PAT_MSR
00:00:05.437534 HWACCM:    VMX_VMCS_CTRL_EXIT_CONTROLS_SAVE_GUEST_EFER_MSR
00:00:05.437534 HWACCM:    VMX_VMCS_CTRL_EXIT_CONTROLS_LOAD_HOST_EFER_MSR
00:00:05.437535 HWACCM:    VMX_VMCS_CTRL_EXIT_CONTROLS_SAVE_VMX_PREEMPT_TIMER
00:00:05.437535 HWACCM:    VMX_VMCS_CTRL_EXIT_CONTROLS_SAVE_DEBUG *must* be set
00:00:05.437536 HWACCM: MSR_IA32_VMX_EPT_VPID_CAPS    = f0106114141
00:00:05.437536 HWACCM:    MSR_IA32_VMX_EPT_CAPS_RWX_X_ONLY
00:00:05.437537 HWACCM:    MSR_IA32_VMX_EPT_CAPS_GAW_48_BITS
00:00:05.437537 HWACCM:    MSR_IA32_VMX_EPT_CAPS_EMT_UC
00:00:05.437538 HWACCM:    MSR_IA32_VMX_EPT_CAPS_EMT_WB
00:00:05.437538 HWACCM:    MSR_IA32_VMX_EPT_CAPS_SP_21_BITS
00:00:05.437539 HWACCM:    MSR_IA32_VMX_EPT_CAPS_INVEPT
00:00:05.437539 HWACCM:    MSR_IA32_VMX_EPT_CAPS_INVEPT_CAPS_SINGLE_CONTEXT
00:00:05.437540 HWACCM:    MSR_IA32_VMX_EPT_CAPS_INVEPT_CAPS_ALL_CONTEXTS
00:00:05.437540 HWACCM:    MSR_IA32_VMX_EPT_CAPS_INVVPID
00:00:05.437540 HWACCM:    MSR_IA32_VMX_EPT_CAPS_INVVPID_CAPS_INDIV_ADDR
00:00:05.437541 HWACCM:    MSR_IA32_VMX_EPT_CAPS_INVVPID_CAPS_SINGLE_CONTEXT
00:00:05.437541 HWACCM:    MSR_IA32_VMX_EPT_CAPS_INVVPID_CAPS_ALL_CONTEXTS
00:00:05.437542 HWACCM:    MSR_IA32_VMX_EPT_CAPS_INVVPID_CAPS_SINGLE_CONTEXT_RETAIN_GLOBALS
00:00:05.437542 HWACCM: MSR_IA32_VMX_MISC             = 100401e5
00:00:05.437543 HWACCM:    MSR_IA32_VMX_MISC_PREEMPT_TSC_BIT 5
00:00:05.437544 HWACCM:    MSR_IA32_VMX_MISC_ACTIVITY_STATES 7
00:00:05.437544 HWACCM:    MSR_IA32_VMX_MISC_CR3_TARGET      4
00:00:05.437545 HWACCM:    MSR_IA32_VMX_MISC_MAX_MSR         200
00:00:05.437545 HWACCM:    MSR_IA32_VMX_MISC_MSEG_ID         0
00:00:05.437546 HWACCM: MSR_IA32_VMX_CR0_FIXED0       = 80000021
00:00:05.437546 HWACCM: MSR_IA32_VMX_CR0_FIXED1       = ffffffff
00:00:05.437547 HWACCM: MSR_IA32_VMX_CR4_FIXED0       = 2000
00:00:05.437548 HWACCM: MSR_IA32_VMX_CR4_FIXED1       = 627ff
00:00:05.437548 HWACCM: MSR_IA32_VMX_VMCS_ENUM        = 2a
00:00:05.437549 HWACCM: TPR shadow physaddr           = 000000003789d000
00:00:05.437550 HWACCM: VCPU0: MSR bitmap physaddr    = 00000000378a2000
00:00:05.437551 HWACCM: VCPU0: VMCS physaddr          = 00000000378a0000
00:00:05.437565 CPUMSetGuestCpuIdFeature: Enabled sysenter/exit
00:00:05.437566 CPUMSetGuestCpuIdFeature: Enabled PAE
00:00:05.437567 CPUMSetGuestCpuIdFeature: Enabled LONG MODE
00:00:05.437567 CPUMSetGuestCpuIdFeature: Enabled syscall/ret
00:00:05.437568 CPUMSetGuestCpuIdFeature: Enabled LAHF/SAHF
00:00:05.437568 CPUMSetGuestCpuIdFeature: Enabled NX
00:00:05.437569 HWACCM: 32-bit and 64-bit guests supported.
00:00:05.437569 HWACCM: VMX enabled!
00:00:05.437570 HWACCM: Enabled nested paging
00:00:05.437570 HWACCM: EPT root page                 = 000000003786f000
00:00:05.437571 HWACCM: enmFlushEPT                   = VMX_FLUSH_EPT_SINGLE_CONTEXT
00:00:05.437572 HWACCM: Unrestricted guest execution enabled!
00:00:05.437572 HWACCM: Enabled VPID
00:00:05.437573 HWACCM: enmFlushVPID                  = VMX_FLUSH_VPID_SINGLE_CONTEXT
00:00:05.437573 HWACCM: TPR Patching disabled.
00:00:05.437575 HWACCM: Using the VMX-preemption timer (cPreemptTimerShift=5)
00:00:05.437576 HWACCM:    VT-x/AMD-V init method: GLOBAL
00:00:05.448519 VM: Halt method global1 (5)
00:00:05.448559 HaltedGlobal1 config: cNsSpinBlockThresholdCfg=2000
00:00:05.448565 Changing the VM state from 'CREATING' to 'CREATED'.
00:00:05.448915 Changing the VM state from 'CREATED' to 'POWERING_ON'.
00:00:05.448945 AIOMgr: Endpoints without assigned bandwidth groups:
00:00:05.448955 AIOMgr:     /afs/cats.ucsc.edu/users/k/jleihe/VirtualBox VMs/Ubunt/Ubuntu.vdi
00:00:05.449029 Changing the VM state from 'POWERING_ON' to 'RUNNING'.
00:00:05.450778 Guest Log: BIOS: VirtualBox 4.2.18
00:00:05.450986 PIT: mode=2 count=0x10000 (65536) - 18.20 Hz (ch=0)
00:00:05.466951 ERROR [COM]: aRC=VBOX_E_IPRT_ERROR (0x80bb0005) aIID={b83ee395-8679-40ca-8d60-1a0cbe724930} aComponent={Display} aText={Could not take a screenshot (VERR_NOT_SUPPORTED)}, preserve=false
00:00:05.472409 PIIX3 ATA: Ctl#1: RESET, DevSel=0 AIOIf=0 CmdIf0=0x00 (-1 usec ago) CmdIf1=0x00 (-1 usec ago)
00:00:05.472468 Display::handleDisplayResize(): uScreenId = 0, pvVRAM=0000000000000000 w=720 h=400 bpp=0 cbLine=0x0, flags=0x1
00:00:05.472502 PIIX3 ATA: Ctl#1: finished processing RESET
00:00:05.479408 AHCI#0: Reset the HBA
00:00:05.479511 AHCI#0: Port 0 reset
00:00:05.479937 Guest Log: BIOS: AHCI 0-P#0: PCHS=16383/16/63 LCHS=1024/255/63 16777216 sectors
00:00:05.480009 PIT: mode=2 count=0x48d3 (18643) - 64.00 Hz (ch=0)
00:00:05.493142 Display::handleDisplayResize(): uScreenId = 0, pvVRAM=00007f60d26d8000 w=640 h=480 bpp=32 cbLine=0xA00, flags=0x1
00:00:05.594608 2D video acceleration is disabled.
00:00:07.953559 Display::handleDisplayResize(): uScreenId = 0, pvVRAM=0000000000000000 w=720 h=400 bpp=0 cbLine=0x0, flags=0x1
00:00:07.960800 PIT: mode=2 count=0x10000 (65536) - 18.20 Hz (ch=0)
00:00:07.960884 Guest Log: BIOS: Boot : bseqnr=1, bootseq=0231
00:00:07.960884 Guest Log: BIOS: Boot from Floppy 0 failed
00:00:07.960884 Guest Log: BIOS: Boot : bseqnr=2, bootseq=0023
00:00:07.961945 Guest Log: BIOS: CDROM boot failure code : 0003
00:00:07.962056 Guest Log: BIOS: Boot from CD-ROM failed
00:00:07.962196 Guest Log: BIOS: Boot : bseqnr=3, bootseq=0002
00:00:07.962451 Guest Log: BIOS: Boot from Hard Disk 0 failed
00:00:07.963108 Guest Log: No bootable medium found! System halted.
00:00:14.397381 Changing the VM state from 'RUNNING' to 'SUSPENDING'.
00:00:14.405536 pdmacFileEpInitialize: RTFileOpen /afs/cats.ucsc.edu/users/k/jleihe/VirtualBox VMs/Ubunt/Ubuntu.vdi / 000c0781 failed with VERR_INVALID_PARAMETER
00:00:14.405651 AIOMgr: Endpoint for file '/afs/cats.ucsc.edu/users/k/jleihe/VirtualBox VMs/Ubunt/Ubuntu.vdi' (flags 00000781) created successfully
00:00:14.455215 PDMR3Suspend: 57 766 199 ns run time
00:00:14.455256 Changing the VM state from 'SUSPENDING' to 'SUSPENDED'.
00:00:16.177328 Changing the VM state from 'SUSPENDED' to 'RESUMING'.
00:00:16.177633 pdmacFileEpInitialize: RTFileOpen /afs/cats.ucsc.edu/users/k/jleihe/VirtualBox VMs/Ubunt/Ubuntu.vdi / 000c0723 failed with VERR_INVALID_PARAMETER
00:00:16.177767 AIOMgr: Endpoint for file '/afs/cats.ucsc.edu/users/k/jleihe/VirtualBox VMs/Ubunt/Ubuntu.vdi' (flags 00000723) created successfully
00:00:16.177993 Changing the VM state from 'RESUMING' to 'RUNNING'.
00:00:17.432683 Changing the VM state from 'RUNNING' to 'SUSPENDING'.
00:00:17.440880 pdmacFileEpInitialize: RTFileOpen /afs/cats.ucsc.edu/users/k/jleihe/VirtualBox VMs/Ubunt/Ubuntu.vdi / 000c0781 failed with VERR_INVALID_PARAMETER
00:00:17.440880 AIOMgr: Endpoint for file '/afs/cats.ucsc.edu/users/k/jleihe/VirtualBox VMs/Ubunt/Ubuntu.vdi' (flags 00000781) created successfully
00:00:17.478963 PDMR3Suspend: 46 220 314 ns run time
00:00:17.479005 Changing the VM state from 'SUSPENDING' to 'SUSPENDED'.
00:00:18.362720 Changing the VM state from 'SUSPENDED' to 'SAVING'.
00:00:18.366512 VUSB: detached 'HidMouse' from port 1
00:00:18.413727 SSM: Footer at 0x860e6 (549094), 35 directory entries.
00:00:18.413789 VUSB: attached 'HidMouse' to port 1
00:00:18.465416 SSM: Successfully saved the VM state to '/afs/cats.ucsc.edu/users/k/jleihe/VirtualBox VMs/Ubunt/Snapshots/2014-01-10T19-59-06-610029000Z.sav'
00:00:18.465462 Changing the VM state from 'SAVING' to 'SUSPENDED'.
00:00:18.465506 Console::powerDown(): A request to power off the VM has been issued (mMachineState=Saving, InUninit=0)
00:00:18.465571 Changing the VM state from 'SUSPENDED' to 'POWERING_OFF'.
00:00:18.465590 ****************** Guest state at power off ******************
00:00:18.465598 Guest CPUM (VCPU 0) state: 
00:00:18.465604 eax=00150000 ebx=0000046e ecx=00000000 edx=00000500 esi=00000000 edi=000007c0
00:00:18.465608 eip=00001b3c esp=000077be ebp=000077d0 iopl=0         nv up di pl zr na pe nc
00:00:18.465611 cs={f000 base=00000000000f0000 limit=0000ffff flags=0000009b} dr0=00000000 dr1=00000000
00:00:18.465617 ds={f000 base=00000000000f0000 limit=0000ffff flags=00000093} dr2=00000000 dr3=00000000
00:00:18.465621 es={0000 base=0000000000000000 limit=0000ffff flags=00000093} dr4=00000000 dr5=00000000
00:00:18.465624 fs={0000 base=0000000000000000 limit=0000ffff flags=00000093} dr6=ffff0ff0 dr7=00000400
00:00:18.465628 gs={0000 base=0000000000000000 limit=0000ffff flags=00000093} cr0=00000010 cr2=00000000
00:00:18.465630 ss={0000 base=0000000000000000 limit=0000ffff flags=00000093} cr3=00000000 cr4=00000000
00:00:18.465633 gdtr=00000000000fe898:0047  idtr=0000000000000000:ffff  eflags=00000002
00:00:18.465636 ldtr={0000 base=00000000 limit=00000000 flags=00000082}
00:00:18.465638 tr  ={0000 base=00000000 limit=0000ffff flags=0000008b}
00:00:18.465640 SysEnter={cs=0000 eip=00000000 esp=00000000}
00:00:18.465642 FCW=037f FSW=0000 FTW=0000 FOP=0000 MXCSR=00001f80 MXCSR_MASK=0000ffff
00:00:18.465645 FPUIP=00000000 CS=0000 Rsrvd1=0000  FPUDP=00000000 DS=0000 Rsvrd2=0000
00:00:18.465647 ST(0)=FPR0={0000'00000000'00000000} t0 +0.0000000000000000000000 ^ 0
00:00:18.465652 ST(1)=FPR1={0000'00000000'00000000} t0 +0.0000000000000000000000 ^ 0
00:00:18.465656 ST(2)=FPR2={0000'00000000'00000000} t0 +0.0000000000000000000000 ^ 0
00:00:18.465659 ST(3)=FPR3={0000'00000000'00000000} t0 +0.0000000000000000000000 ^ 0
00:00:18.465662 ST(4)=FPR4={0000'00000000'00000000} t0 +0.0000000000000000000000 ^ 0
00:00:18.465664 ST(5)=FPR5={0000'00000000'00000000} t0 +0.0000000000000000000000 ^ 0
00:00:18.465667 ST(6)=FPR6={0000'00000000'00000000} t0 +0.0000000000000000000000 ^ 0
00:00:18.465670 ST(7)=FPR7={0000'00000000'00000000} t0 +0.0000000000000000000000 ^ 0
00:00:18.465673 XMM0 =00000000'00000000'00000000'00000000  XMM1 =00000000'00000000'00000000'00000000
00:00:18.465678 XMM2 =00000000'00000000'00000000'00000000  XMM3 =00000000'00000000'00000000'00000000
00:00:18.465682 XMM4 =00000000'00000000'00000000'00000000  XMM5 =00000000'00000000'00000000'00000000
00:00:18.465686 XMM6 =00000000'00000000'00000000'00000000  XMM7 =00000000'00000000'00000000'00000000
00:00:18.465690 XMM8 =00000000'00000000'00000000'00000000  XMM9 =00000000'00000000'00000000'00000000
00:00:18.465694 XMM10=00000000'00000000'00000000'00000000  XMM11=00000000'00000000'00000000'00000000
00:00:18.465698 XMM12=00000000'00000000'00000000'00000000  XMM13=00000000'00000000'00000000'00000000
00:00:18.465702 XMM14=00000000'00000000'00000000'00000000  XMM15=00000000'00000000'00000000'00000000
00:00:18.465706 EFER         =0000000000000000
00:00:18.465707 PAT          =0007040600070406
00:00:18.465709 STAR         =0000000000000000
00:00:18.465710 CSTAR        =0000000000000000
00:00:18.465711 LSTAR        =0000000000000000
00:00:18.465712 SFMASK       =0000000000000000
00:00:18.465713 KERNELGSBASE =0000000000000000
00:00:18.465715 ***
00:00:18.465719 Guest paging mode:  Real (changed 4 times), A20 disabled (changed 1 times)
00:00:18.465722 Shadow paging mode: EPT
00:00:18.465723 Host paging mode:   AMD64+G+NX
00:00:18.465724 ***
00:00:18.465731 Active Timers (pVM=00007f61045db000)
00:00:18.465733 pTimerR3         offNext  offPrev  offSched Clock               Time             Expire HzHint State                     Description
00:00:18.465740 00007f60f252d070 00014410 00000000 00000000 Real          1712585635         1712584613      0 2-ACTIVE                  VGA Refresh Timer
00:00:18.465747 00007f60f2541480 ffffff80 fffebbf0 00000000 Real          1712585635         1712584625      0 2-ACTIVE                  EMT Yielder
00:00:18.465754 00007f60f2541400 00000000 00000080 00000000 Real          1712585635         1712585352      0 2-ACTIVE                  CPU Load Timer
00:00:18.465759 00007f60f253b420 00000000 00000000 00000000 Virt         10307410310        10261800578      0 2-ACTIVE                  Audio timer
00:00:18.465765 00007f60f2518510 00000670 00000000 00000000 VrSy         10260495340        10310795464     18 2-ACTIVE                  i8254 Programmable Interval Timer
00:00:18.465771 00007f60f2518b80 00027470 fffff990 00000000 VrSy         10260495340        10990000000      0 2-ACTIVE                  MC146818 RTC/CMOS - Second
00:00:18.465777 00007f60f253fff0 00000000 fffd8b90 00000000 VrSy         10260495340      1199864031601      0 2-ACTIVE                  ACPI PM Timer
00:00:18.465783 ***
00:00:18.465787 Shadow GDT (GCAddr=ff78c000):
00:00:18.465810 ffd8 - 81980087 ff008940 - base=ff408198 limit=00000087 dpl=0 TSS32Avail Present 16-bit  HyperTSSTrap08
00:00:18.465813 ffe0 - 81100087 ff008940 - base=ff408110 limit=00000087 dpl=0 TSS32Avail Present 16-bit  HyperTSS
00:00:18.465817 ffe8 - 0000ffff 00af9b00 - base=00000000 limit=ffffffff dpl=0 CodeER Accessed Present Page 16-bit  HyperCS64
00:00:18.465839 fff0 - 0000ffff 00cf9300 - base=00000000 limit=ffffffff dpl=0 DataRW Accessed Present Page 32-bit  HyperDS
00:00:18.465843 fff8 - 0000ffff 00cf9b00 - base=00000000 limit=ffffffff dpl=0 CodeER Accessed Present Page 32-bit  HyperCS
00:00:18.465844 ***
00:00:18.465845 ***
00:00:18.465846 ss:sp=0000:77be 0000:7780 TO 0000:787f:
00:00:18.465852 00000000f3938c40 0000: 0a 07 01 00 00 77 07 77-00 00 c0 07 96 77 da 31 .....w.w.....w.1
00:00:18.465858 00000000f3938c50 0010: 0a 0e c0 07 00 00 ba 77-f0 00 c0 07 00 00 ba 77 .......w.......w
00:00:18.465864 00000000f3938c60 0020: aa 77 07 00 04 05 0a 00-0a 0e 00 f0 00 00 46 00 .w............F.
00:00:18.465869 00000000f3938c70 0030: 94 17 00 f0 46 02 00 00-6d 04 d0 77 26 1b 00 00 ....F...m..w&...
00:00:18.465874 00000000f3938c80 0040: 00 00 c0 07 00 00 c0 07-00 00 00 00 00 f0 de 0c ................
00:00:18.465879 00000000f3938c90 0050: da 77 9e 46 07 00 6e 04-02 00 f2 77 f9 47 01 00 .w.F..n....w.G..
00:00:18.465884 00000000f3938ca0 0060: 15 00 03 00 c0 9f 00 00-00 00 01 00 80 00 f0 ff ................
00:00:18.465889 00000000f3938cb0 0070: a0 f4 f8 77 eb f0 03 00-fa 77 b7 e2 00 f0 46 02 ...w.....w....F.
00:00:18.465894 00000000f3938cc0 0080: 00 00 00 00 00 00 00 00-00 00 00 00 00 00 00 00 ................
00:00:18.465899 00000000f3938cd0 0090: 00 00 00 00 00 00 00 00-00 00 00 00 00 00 00 00 ................
00:00:18.465903 00000000f3938ce0 00a0: 00 00 00 00 00 00 00 00-00 00 00 00 00 00 00 00 ................
00:00:18.465908 00000000f3938cf0 00b0: 00 00 00 00 00 00 00 00-00 00 00 00 00 00 00 00 ................
00:00:18.465912 00000000f3938d00 00c0: 00 00 00 00 00 00 00 00-00 00 00 00 00 00 00 00 ................
00:00:18.465917 00000000f3938d10 00d0: 00 00 00 00 00 00 00 00-00 00 00 00 00 00 00 00 ................
00:00:18.465922 00000000f3938d20 00e0: 00 00 00 00 00 00 00 00-00 00 00 00 00 00 00 00 ................
00:00:18.465926 00000000f3938d30 00f0: 00 00 00 00 00 00 00 00-00 00 00 00 00 00 00 00 ................
00:00:18.465932 2000:0000 TO 2000:01ff:
00:00:18.465933 00000000f3938c40 0000: 00 00 00 00 00 00 00 00-00 00 00 00 00 00 00 00 ................
00:00:18.465938 00000000f3938c50 0010: 00 00 00 00 00 00 00 00-00 00 00 00 00 00 00 00 ................
00:00:18.465942 00000000f3938c60 0020: 00 00 00 00 00 00 00 00-00 00 00 00 00 00 00 00 ................
00:00:18.465947 00000000f3938c70 0030: 00 00 00 00 00 00 00 00-00 00 00 00 00 00 00 00 ................
00:00:18.465952 00000000f3938c80 0040: 00 00 00 00 00 00 00 00-00 00 00 00 00 00 00 00 ................
00:00:18.465956 00000000f3938c90 0050: 00 00 00 00 00 00 00 00-00 00 00 00 00 00 00 00 ................
00:00:18.465961 00000000f3938ca0 0060: 00 00 00 00 00 00 00 00-00 00 00 00 00 00 00 00 ................
00:00:18.465966 00000000f3938cb0 0070: 00 00 00 00 00 00 00 00-00 00 00 00 00 00 00 00 ................
00:00:18.465970 00000000f3938cc0 0080: 00 00 00 00 00 00 00 00-00 00 00 00 00 00 00 00 ................
00:00:18.465975 00000000f3938cd0 0090: 00 00 00 00 00 00 00 00-00 00 00 00 00 00 00 00 ................
00:00:18.465980 00000000f3938ce0 00a0: 00 00 00 00 00 00 00 00-00 00 00 00 00 00 00 00 ................
00:00:18.465984 00000000f3938cf0 00b0: 00 00 00 00 00 00 00 00-00 00 00 00 00 00 00 00 ................
00:00:18.465989 00000000f3938d00 00c0: 00 00 00 00 00 00 00 00-00 00 00 00 00 00 00 00 ................
00:00:18.465994 00000000f3938d10 00d0: 00 00 00 00 00 00 00 00-00 00 00 00 00 00 00 00 ................
00:00:18.465998 00000000f3938d20 00e0: 00 00 00 00 00 00 00 00-00 00 00 00 00 00 00 00 ................
00:00:18.466003 00000000f3938d30 00f0: 00 00 00 00 00 00 00 00-00 00 00 00 00 00 00 00 ................
00:00:18.466008 00000000f3938d40 0100: 00 00 00 00 00 00 00 00-00 00 00 00 00 00 00 00 ................
00:00:18.466012 00000000f3938d50 0110: 00 00 00 00 00 00 00 00-00 00 00 00 00 00 00 00 ................
00:00:18.466017 00000000f3938d60 0120: 00 00 00 00 00 00 00 00-00 00 00 00 00 00 00 00 ................
00:00:18.466022 00000000f3938d70 0130: 00 00 00 00 00 00 00 00-00 00 00 00 00 00 00 00 ................
00:00:18.466026 00000000f3938d80 0140: 00 00 00 00 00 00 00 00-00 00 00 00 00 00 00 00 ................
00:00:18.466031 00000000f3938d90 0150: 00 00 00 00 00 00 00 00-00 00 00 00 00 00 00 00 ................
00:00:18.466036 00000000f3938da0 0160: 00 00 00 00 00 00 00 00-00 00 00 00 00 00 00 00 ................
00:00:18.466040 00000000f3938db0 0170: 00 00 00 00 00 00 00 00-00 00 00 00 00 00 00 00 ................
00:00:18.466045 00000000f3938dc0 0180: 00 00 00 00 00 00 00 00-00 00 00 00 00 00 00 00 ................
00:00:18.466050 00000000f3938dd0 0190: 00 00 00 00 00 00 00 00-00 00 00 00 00 00 00 00 ................
00:00:18.466055 00000000f3938de0 01a0: 00 00 00 00 00 00 00 00-00 00 00 00 00 00 00 00 ................
00:00:18.466059 00000000f3938df0 01b0: 00 00 00 00 00 00 00 00-00 00 00 00 00 00 00 00 ................
00:00:18.466064 00000000f3938e00 01c0: 00 00 00 00 00 00 00 00-00 00 00 00 00 00 00 00 ................
00:00:18.466069 00000000f3938e10 01d0: 00 00 00 00 00 00 00 00-00 00 00 00 00 00 00 00 ................
00:00:18.466073 00000000f3938e20 01e0: 00 00 00 00 00 00 00 00-00 00 00 00 00 00 00 00 ................
00:00:18.466078 00000000f3938e30 01f0: 00 00 00 00 00 00 00 00-00 00 00 00 00 00 00 00 ................
00:00:18.466083 ************** End of Guest state at power off ***************
00:00:18.466135 PDMR3PowerOff: 5 835 ns run time
00:00:18.466147 Changing the VM state from 'POWERING_OFF' to 'OFF'.
00:00:18.467338 Changing the VM state from 'OFF' to 'DESTROYING'.
00:00:18.467399 ************************* Statistics *************************
00:00:18.467651 /Devices/E1k0/ReceiveBytes              0 bytes
00:00:18.467667 /Devices/E1k0/TransmitBytes             0 bytes
00:00:18.467678 /Devices/IDE0/ATA0/Unit0/AtapiDMA        0 times
00:00:18.467688 /Devices/IDE0/ATA0/Unit0/AtapiPIO        0 times
00:00:18.467697 /Devices/IDE0/ATA0/Unit0/DMA            0 times
00:00:18.467707 /Devices/IDE0/ATA0/Unit0/PIO            0 times
00:00:18.467717 /Devices/IDE0/ATA0/Unit0/ReadBytes        0 bytes
00:00:18.467727 /Devices/IDE0/ATA0/Unit0/WrittenBytes        0 bytes
00:00:18.467736 /Devices/IDE0/ATA0/Unit1/AtapiDMA        0 times
00:00:18.467746 /Devices/IDE0/ATA0/Unit1/AtapiPIO        0 times
00:00:18.467756 /Devices/IDE0/ATA0/Unit1/DMA            0 times
00:00:18.467765 /Devices/IDE0/ATA0/Unit1/PIO            0 times
00:00:18.467775 /Devices/IDE0/ATA0/Unit1/ReadBytes        0 bytes
00:00:18.467785 /Devices/IDE0/ATA0/Unit1/WrittenBytes        0 bytes
00:00:18.467817 /Devices/IDE0/ATA1/Unit0/AtapiDMA        0 times
00:00:18.467823 /Devices/IDE0/ATA1/Unit0/AtapiPIO        0 times
00:00:18.467832 /Devices/IDE0/ATA1/Unit0/DMA            0 times
00:00:18.467839 /Devices/IDE0/ATA1/Unit0/PIO            0 times
00:00:18.467844 /Devices/IDE0/ATA1/Unit0/ReadBytes        0 bytes
00:00:18.467850 /Devices/IDE0/ATA1/Unit0/WrittenBytes        0 bytes
00:00:18.467855 /Devices/IDE0/ATA1/Unit1/AtapiDMA        0 times
00:00:18.467860 /Devices/IDE0/ATA1/Unit1/AtapiPIO        0 times
00:00:18.467865 /Devices/IDE0/ATA1/Unit1/DMA            0 times
00:00:18.467871 /Devices/IDE0/ATA1/Unit1/PIO            0 times
00:00:18.467876 /Devices/IDE0/ATA1/Unit1/ReadBytes        0 bytes
00:00:18.467881 /Devices/IDE0/ATA1/Unit1/WrittenBytes        0 bytes
00:00:18.467886 /Devices/SATA0/Port0/DMA                1 times
00:00:18.467893 /Devices/SATA0/Port0/ReadBytes        512 bytes
00:00:18.467903 /Devices/VMMDev/BalloonChunks           0 count
00:00:18.467909 /FT/Checkpoint/Network                  0 times
00:00:18.467914 /FT/Checkpoint/Storage                  0 times
00:00:18.467920 /FT/Received/Mem                        0 bytes
00:00:18.467925 /FT/Received/State                      0 bytes
00:00:18.467930 /FT/Sent/Mem                            0 bytes
00:00:18.467936 /FT/Sent/State                          0 bytes
00:00:18.467941 /FT/Sync/DeltaMem                       0 times
00:00:18.467947 /FT/Sync/DeltaVM                        0 times
00:00:18.467952 /FT/Sync/Full                           0 times
00:00:18.467957 /GMM/VM/Allocated/cBasePages          545 pages
00:00:18.467963 /GMM/VM/Allocated/cFixedPages           0 pages
00:00:18.467968 /GMM/VM/Allocated/cShadowPages          0 pages
00:00:18.467973 /GMM/VM/Reserved/cBasePages        131230 pages
00:00:18.467978 /GMM/VM/Reserved/cFixedPages         4100 pages
00:00:18.467995 /GMM/VM/Reserved/cShadowPages           1 pages
00:00:18.468005 /GMM/VM/cBalloonedPages                 0 pages
00:00:18.468015 /GMM/VM/cMaxBalloonedPages              0 pages
00:00:18.468024 /GMM/VM/cPrivatePages                 545 pages
00:00:18.468034 /GMM/VM/cReqActuallyBalloonedPages        0 pages
00:00:18.468043 /GMM/VM/cReqBalloonedPages              0 pages
00:00:18.468053 /GMM/VM/cReqDeflatePages                0 pages
00:00:18.468062 /GMM/VM/cShareableModules               0 count
00:00:18.468072 /GMM/VM/cSharedPages                    0 pages
00:00:18.468082 /GMM/VM/enmPolicy                       1 
00:00:18.468091 /GMM/VM/enmPriority                     2 
00:00:18.468101 /GMM/VM/fBallooningEnabled       false    
00:00:18.468111 /GMM/VM/fMayAllocate             false    
00:00:18.468120 /GMM/VM/fSharedPagingEnabled     false    
00:00:18.468130 /GMM/cAllocatedPages                  545 pages
00:00:18.468140 /GMM/cBalloonedPages                    0 pages
00:00:18.468150 /GMM/cChunks                            2 count
00:00:18.468160 /GMM/cDuplicatePages                    0 pages
00:00:18.468170 /GMM/cFreedChunks                       0 count
00:00:18.468180 /GMM/cLeftBehindSharedPages             0 pages
00:00:18.468190 /GMM/cMaxPages                   4294967295 pages
00:00:18.468200 /GMM/cOverCommittedPages                0 pages
00:00:18.468209 /GMM/cReservedPages                135331 pages
00:00:18.468219 /GMM/cShareableModules                  0 count
00:00:18.468229 /GMM/cSharedPages                       0 pages
00:00:18.468238 /GVMM/EMTs                              1 calls
00:00:18.468248 /GVMM/HostCPUs                         16 calls
00:00:18.468258 /GVMM/HostCpus/0                        0 
00:00:18.468268 /GVMM/HostCpus/0/CurTimerHz             0 Hz
00:00:18.468277 /GVMM/HostCpus/0/DesiredHz              0 Hz
00:00:18.468286 /GVMM/HostCpus/0/PPTChanges             4 times
00:00:18.468296 /GVMM/HostCpus/0/PPTStarts              1 times
00:00:18.468306 /GVMM/HostCpus/0/idxCpuSet              0 
00:00:18.468315 /GVMM/HostCpus/1                        1 
00:00:18.468324 /GVMM/HostCpus/1/CurTimerHz             0 Hz
00:00:18.468345 /GVMM/HostCpus/1/DesiredHz              0 Hz
00:00:18.468355 /GVMM/HostCpus/1/PPTChanges             2 times
00:00:18.468365 /GVMM/HostCpus/1/PPTStarts              1 times
00:00:18.468375 /GVMM/HostCpus/1/idxCpuSet              1 
00:00:18.468384 /GVMM/HostCpus/10                      10 
00:00:18.468394 /GVMM/HostCpus/10/CurTimerHz            0 Hz
00:00:18.468404 /GVMM/HostCpus/10/DesiredHz             0 Hz
00:00:18.468413 /GVMM/HostCpus/10/PPTChanges            0 times
00:00:18.468423 /GVMM/HostCpus/10/PPTStarts             0 times
00:00:18.468433 /GVMM/HostCpus/10/idxCpuSet            10 
00:00:18.468442 /GVMM/HostCpus/11                      11 
00:00:18.468452 /GVMM/HostCpus/11/CurTimerHz            0 Hz
00:00:18.468461 /GVMM/HostCpus/11/DesiredHz             0 Hz
00:00:18.468471 /GVMM/HostCpus/11/PPTChanges            0 times
00:00:18.468481 /GVMM/HostCpus/11/PPTStarts             0 times
00:00:18.468490 /GVMM/HostCpus/11/idxCpuSet            11 
00:00:18.468499 /GVMM/HostCpus/12                      12 
00:00:18.468510 /GVMM/HostCpus/12/CurTimerHz            0 Hz
00:00:18.468519 /GVMM/HostCpus/12/DesiredHz             0 Hz
00:00:18.468528 /GVMM/HostCpus/12/PPTChanges            0 times
00:00:18.468538 /GVMM/HostCpus/12/PPTStarts             0 times
00:00:18.468548 /GVMM/HostCpus/12/idxCpuSet            12 
00:00:18.468557 /GVMM/HostCpus/13                      13 
00:00:18.468567 /GVMM/HostCpus/13/CurTimerHz            0 Hz
00:00:18.468576 /GVMM/HostCpus/13/DesiredHz             0 Hz
00:00:18.468585 /GVMM/HostCpus/13/PPTChanges            0 times
00:00:18.468595 /GVMM/HostCpus/13/PPTStarts             0 times
00:00:18.468604 /GVMM/HostCpus/13/idxCpuSet            13 
00:00:18.468613 /GVMM/HostCpus/14                      14 
00:00:18.468623 /GVMM/HostCpus/14/CurTimerHz            0 Hz
00:00:18.468632 /GVMM/HostCpus/14/DesiredHz             0 Hz
00:00:18.468642 /GVMM/HostCpus/14/PPTChanges            0 times
00:00:18.468651 /GVMM/HostCpus/14/PPTStarts             0 times
00:00:18.468661 /GVMM/HostCpus/14/idxCpuSet            14 
00:00:18.468671 /GVMM/HostCpus/15                      15 
00:00:18.468680 /GVMM/HostCpus/15/CurTimerHz            0 Hz
00:00:18.468690 /GVMM/HostCpus/15/DesiredHz             0 Hz
00:00:18.468699 /GVMM/HostCpus/15/PPTChanges            0 times
00:00:18.468709 /GVMM/HostCpus/15/PPTStarts             0 times
00:00:18.468718 /GVMM/HostCpus/15/idxCpuSet            15 
00:00:18.468728 /GVMM/HostCpus/2                        2 
00:00:18.468737 /GVMM/HostCpus/2/CurTimerHz             0 Hz
00:00:18.468746 /GVMM/HostCpus/2/DesiredHz              0 Hz
00:00:18.468756 /GVMM/HostCpus/2/PPTChanges             2 times
00:00:18.468766 /GVMM/HostCpus/2/PPTStarts              1 times
00:00:18.468775 /GVMM/HostCpus/2/idxCpuSet              2 
00:00:18.468785 /GVMM/HostCpus/3                        3 
00:00:18.468794 /GVMM/HostCpus/3/CurTimerHz             0 Hz
00:00:18.468803 /GVMM/HostCpus/3/DesiredHz              0 Hz
00:00:18.468813 /GVMM/HostCpus/3/PPTChanges             5 times
00:00:18.468833 /GVMM/HostCpus/3/PPTStarts              2 times
00:00:18.468843 /GVMM/HostCpus/3/idxCpuSet              3 
00:00:18.468853 /GVMM/HostCpus/4                        4 
00:00:18.468862 /GVMM/HostCpus/4/CurTimerHz             0 Hz
00:00:18.468872 /GVMM/HostCpus/4/DesiredHz              0 Hz
00:00:18.468883 /GVMM/HostCpus/4/PPTChanges             0 times
00:00:18.468897 /GVMM/HostCpus/4/PPTStarts              0 times
00:00:18.468907 /GVMM/HostCpus/4/idxCpuSet              4 
00:00:18.468916 /GVMM/HostCpus/5                        5 
00:00:18.468925 /GVMM/HostCpus/5/CurTimerHz             0 Hz
00:00:18.468935 /GVMM/HostCpus/5/DesiredHz              0 Hz
00:00:18.468944 /GVMM/HostCpus/5/PPTChanges             0 times
00:00:18.468954 /GVMM/HostCpus/5/PPTStarts              0 times
00:00:18.468964 /GVMM/HostCpus/5/idxCpuSet              5 
00:00:18.468973 /GVMM/HostCpus/6                        6 
00:00:18.468983 /GVMM/HostCpus/6/CurTimerHz             0 Hz
00:00:18.468992 /GVMM/HostCpus/6/DesiredHz              0 Hz
00:00:18.469013 /GVMM/HostCpus/6/PPTChanges             0 times
00:00:18.469023 /GVMM/HostCpus/6/PPTStarts              0 times
00:00:18.469033 /GVMM/HostCpus/6/idxCpuSet              6 
00:00:18.469042 /GVMM/HostCpus/7                        7 
00:00:18.469052 /GVMM/HostCpus/7/CurTimerHz             0 Hz
00:00:18.469061 /GVMM/HostCpus/7/DesiredHz              0 Hz
00:00:18.469071 /GVMM/HostCpus/7/PPTChanges             0 times
00:00:18.469081 /GVMM/HostCpus/7/PPTStarts              0 times
00:00:18.469090 /GVMM/HostCpus/7/idxCpuSet              7 
00:00:18.469099 /GVMM/HostCpus/8                        8 
00:00:18.469109 /GVMM/HostCpus/8/CurTimerHz             0 Hz
00:00:18.469118 /GVMM/HostCpus/8/DesiredHz              0 Hz
00:00:18.469128 /GVMM/HostCpus/8/PPTChanges             0 times
00:00:18.469137 /GVMM/HostCpus/8/PPTStarts              0 times
00:00:18.469147 /GVMM/HostCpus/8/idxCpuSet              8 
00:00:18.469156 /GVMM/HostCpus/9                        9 
00:00:18.469166 /GVMM/HostCpus/9/CurTimerHz             0 Hz
00:00:18.469175 /GVMM/HostCpus/9/DesiredHz              0 Hz
00:00:18.469185 /GVMM/HostCpus/9/PPTChanges             0 times
00:00:18.469194 /GVMM/HostCpus/9/PPTStarts              0 times
00:00:18.469204 /GVMM/HostCpus/9/idxCpuSet              9 
00:00:18.469213 /GVMM/Sum/HaltBlocking               3622 calls
00:00:18.469223 /GVMM/Sum/HaltCalls                  3755 calls
00:00:18.469233 /GVMM/Sum/HaltNotBlocking             133 calls
00:00:18.469242 /GVMM/Sum/HaltTimeouts               2896 calls
00:00:18.469252 /GVMM/Sum/HaltWakeUps                   0 calls
00:00:18.469261 /GVMM/Sum/PokeCalls                     0 calls
00:00:18.469271 /GVMM/Sum/PokeNotBusy                   0 calls
00:00:18.469280 /GVMM/Sum/PollCalls                     0 calls
00:00:18.469290 /GVMM/Sum/PollHalts                     0 calls
00:00:18.469299 /GVMM/Sum/PollWakeUps                   0 calls
00:00:18.469309 /GVMM/Sum/WakeUpCalls                 726 calls
00:00:18.469319 /GVMM/Sum/WakeUpNotHalted             301 calls
00:00:18.469329 /GVMM/Sum/WakeUpWakeUps                 0 calls
00:00:18.469339 /GVMM/VM/HaltBlocking                3622 calls
00:00:18.469349 /GVMM/VM/HaltCalls                   3755 calls
00:00:18.469358 /GVMM/VM/HaltNotBlocking              133 calls
00:00:18.469368 /GVMM/VM/HaltTimeouts                2896 calls
00:00:18.469378 /GVMM/VM/HaltWakeUps                    0 calls
00:00:18.469387 /GVMM/VM/PokeCalls                      0 calls
00:00:18.469397 /GVMM/VM/PokeNotBusy                    0 calls
00:00:18.469406 /GVMM/VM/PollCalls                      0 calls
00:00:18.469416 /GVMM/VM/PollHalts                      0 calls
00:00:18.469425 /GVMM/VM/PollWakeUps                    0 calls
00:00:18.469435 /GVMM/VM/WakeUpCalls                  726 calls
00:00:18.469444 /GVMM/VM/WakeUpNotHalted              301 calls
00:00:18.469453 /GVMM/VM/WakeUpWakeUps                  0 calls
00:00:18.469463 /GVMM/VMs                               1 calls
00:00:18.469472 /IEM/CPU0/cInstructions                 0 count
00:00:18.469482 /IEM/CPU0/cPotentialExits               0 count
00:00:18.469492 /IEM/CPU0/cRetAspectNotImplemented        0 count
00:00:18.469501 /IEM/CPU0/cRetErrStatuses               0 count
00:00:18.469510 /IEM/CPU0/cRetInfStatuses               0 count
00:00:18.469520 /IEM/CPU0/cRetInstrNotImplemented        0 count
00:00:18.469529 /IEM/CPU0/cbWritten                     0 bytes
00:00:18.469538 /MM/HyperHeap/cbFree              1022720 bytes
00:00:18.469548 /MM/HyperHeap/cbHeap              1310400 bytes
00:00:18.469558 /PDM/BlkCache/cbCached                  0 bytes
00:00:18.469567 /PDM/BlkCache/cbCachedFru               0 bytes
00:00:18.469576 /PDM/BlkCache/cbCachedMruIn             0 bytes
00:00:18.469585 /PDM/BlkCache/cbCachedMruOut            0 bytes
00:00:18.469594 /PDM/BlkCache/cbMax               5242880 bytes
00:00:18.469603 /PDM/CritSects/8237A#0 Auto/ContentionR3        0 times
00:00:18.469613 /PDM/CritSects/8237A#0 Auto/ContentionRZLock        0 times
00:00:18.469622 /PDM/CritSects/8237A#0 Auto/ContentionRZUnlock        0 times
00:00:18.469642 /PDM/CritSects/AHCI#0/ContentionR3        0 times
00:00:18.469652 /PDM/CritSects/AHCI#0/ContentionRZLock        0 times
00:00:18.469662 /PDM/CritSects/AHCI#0/ContentionRZUnlock        0 times
00:00:18.469672 /PDM/CritSects/ATA#0/ContentionR3        0 times
00:00:18.469681 /PDM/CritSects/ATA#0/ContentionRZLock        0 times
00:00:18.469690 /PDM/CritSects/ATA#0/ContentionRZUnlock        0 times
00:00:18.469700 /PDM/CritSects/ATA#1/ContentionR3        0 times
00:00:18.469709 /PDM/CritSects/ATA#1/ContentionRZLock        1 times
00:00:18.469718 /PDM/CritSects/ATA#1/ContentionRZUnlock        0 times
00:00:18.469727 /PDM/CritSects/AudioSniffer#0 Auto/ContentionR3        0 times
00:00:18.469737 /PDM/CritSects/AudioSniffer#0 Auto/ContentionRZLock        0 times
00:00:18.469746 /PDM/CritSects/AudioSniffer#0 Auto/ContentionRZUnlock        0 times
00:00:18.469756 /PDM/CritSects/E1000#0/ContentionR3        0 times
00:00:18.469765 /PDM/CritSects/E1000#0/ContentionRZLock        0 times
00:00:18.469774 /PDM/CritSects/E1000#0/ContentionRZUnlock        0 times
00:00:18.469783 /PDM/CritSects/E1000#0RX/ContentionR3        0 times
00:00:18.469793 /PDM/CritSects/E1000#0RX/ContentionRZLock        0 times
00:00:18.469803 /PDM/CritSects/E1000#0RX/ContentionRZUnlock        0 times
00:00:18.469819 /PDM/CritSects/E1000#0TX/ContentionR3        0 times
00:00:18.469828 /PDM/CritSects/E1000#0TX/ContentionRZLock        0 times
00:00:18.469837 /PDM/CritSects/E1000#0TX/ContentionRZUnlock        0 times
00:00:18.469847 /PDM/CritSects/EM-REM/ContentionR3        0 times
00:00:18.469856 /PDM/CritSects/EM-REM/ContentionRZLock        0 times
00:00:18.469865 /PDM/CritSects/EM-REM/ContentionRZUnlock        0 times
00:00:18.469879 /PDM/CritSects/FTM/ContentionR3         0 times
00:00:18.469891 /PDM/CritSects/FTM/ContentionRZLock        0 times
00:00:18.469901 /PDM/CritSects/FTM/ContentionRZUnlock        0 times
00:00:18.469910 /PDM/CritSects/IOM Lock/ContentionR3        0 times
00:00:18.469919 /PDM/CritSects/IOM Lock/ContentionRZLock        0 times
00:00:18.469929 /PDM/CritSects/IOM Lock/ContentionRZUnlock        0 times
00:00:18.469938 /PDM/CritSects/MM-HYPER/ContentionR3        0 times
00:00:18.469947 /PDM/CritSects/MM-HYPER/ContentionRZLock        0 times
00:00:18.469957 /PDM/CritSects/MM-HYPER/ContentionRZUnlock        0 times
00:00:18.469966 /PDM/CritSects/NOP/ContentionR3         0 times
00:00:18.469975 /PDM/CritSects/NOP/ContentionRZLock        0 times
00:00:18.469984 /PDM/CritSects/NOP/ContentionRZUnlock        0 times
00:00:18.469994 /PDM/CritSects/PDM/ContentionR3         0 times
00:00:18.470003 /PDM/CritSects/PDM/ContentionRZLock        0 times
00:00:18.470012 /PDM/CritSects/PDM/ContentionRZUnlock        0 times
00:00:18.470021 /PDM/CritSects/PGM/ContentionR3         0 times
00:00:18.470031 /PDM/CritSects/PGM/ContentionRZLock        0 times
00:00:18.470040 /PDM/CritSects/PGM/ContentionRZUnlock        0 times
00:00:18.470049 /PDM/CritSects/PS2K#0/ContentionR3        0 times
00:00:18.470058 /PDM/CritSects/PS2K#0/ContentionRZLock        0 times
00:00:18.470068 /PDM/CritSects/PS2K#0/ContentionRZUnlock        0 times
00:00:18.470077 /PDM/CritSects/PS2KM#0/ContentionR3        0 times
00:00:18.470087 /PDM/CritSects/PS2KM#0/ContentionRZLock        0 times
00:00:18.470096 /PDM/CritSects/PS2KM#0/ContentionRZUnlock        0 times
00:00:18.470105 /PDM/CritSects/REM-Register/ContentionR3        0 times
00:00:18.470114 /PDM/CritSects/REM-Register/ContentionRZLock        0 times
00:00:18.470124 /PDM/CritSects/REM-Register/ContentionRZUnlock        0 times
00:00:18.470133 /PDM/CritSects/TM Timer Lock/ContentionR3        0 times
00:00:18.470142 /PDM/CritSects/TM Timer Lock/ContentionRZLock        0 times
00:00:18.470152 /PDM/CritSects/TM Timer Lock/ContentionRZUnlock        0 times
00:00:18.470161 /PDM/CritSects/TM VirtualSync Lock/ContentionR3        0 times
00:00:18.470170 /PDM/CritSects/TM VirtualSync Lock/ContentionRZLock        0 times
00:00:18.470179 /PDM/CritSects/TM VirtualSync Lock/ContentionRZUnlock        0 times
00:00:18.470199 /PDM/CritSects/VGA#u/ContentionR3        0 times
00:00:18.470208 /PDM/CritSects/VGA#u/ContentionRZLock        0 times
00:00:18.470218 /PDM/CritSects/VGA#u/ContentionRZUnlock        0 times
00:00:18.470228 /PDM/CritSects/VMMDev#0 Auto/ContentionR3        0 times
00:00:18.470237 /PDM/CritSects/VMMDev#0 Auto/ContentionRZLock        0 times
00:00:18.470246 /PDM/CritSects/VMMDev#0 Auto/ContentionRZUnlock        0 times
00:00:18.470256 /PDM/CritSects/VMMDev#u/ContentionR3        0 times
00:00:18.470265 /PDM/CritSects/VMMDev#u/ContentionRZLock        0 times
00:00:18.470275 /PDM/CritSects/VMMDev#u/ContentionRZUnlock        0 times
00:00:18.470284 /PDM/CritSects/acpi0/ContentionR3        0 times
00:00:18.470293 /PDM/CritSects/acpi0/ContentionRZLock        0 times
00:00:18.470302 /PDM/CritSects/acpi0/ContentionRZUnlock        0 times
00:00:18.470312 /PDM/CritSects/ahci#0 Auto/ContentionR3        0 times
00:00:18.470321 /PDM/CritSects/ahci#0 Auto/ContentionRZLock        0 times
00:00:18.470331 /PDM/CritSects/ahci#0 Auto/ContentionRZUnlock        0 times
00:00:18.470340 /PDM/CritSects/e1000#0 Auto/ContentionR3        0 times
00:00:18.470350 /PDM/CritSects/e1000#0 Auto/ContentionRZLock        0 times
00:00:18.470359 /PDM/CritSects/e1000#0 Auto/ContentionRZUnlock        0 times
00:00:18.470369 /PDM/CritSects/ichac97#0 Auto/ContentionR3        0 times
00:00:18.470378 /PDM/CritSects/ichac97#0 Auto/ContentionRZLock        0 times
00:00:18.470387 /PDM/CritSects/ichac97#0 Auto/ContentionRZUnlock        0 times
00:00:18.470397 /PDM/CritSects/mc146818#0 Auto/ContentionR3        0 times
00:00:18.470406 /PDM/CritSects/mc146818#0 Auto/ContentionRZLock        0 times
00:00:18.470416 /PDM/CritSects/mc146818#0 Auto/ContentionRZUnlock        0 times
00:00:18.470425 /PDM/CritSects/pcarch#0 Auto/ContentionR3        0 times
00:00:18.470434 /PDM/CritSects/pcarch#0 Auto/ContentionRZLock        0 times
00:00:18.470444 /PDM/CritSects/pcarch#0 Auto/ContentionRZUnlock        0 times
00:00:18.470453 /PDM/CritSects/pcbios#0 Auto/ContentionR3        0 times
00:00:18.470463 /PDM/CritSects/pcbios#0 Auto/ContentionRZLock        0 times
00:00:18.470472 /PDM/CritSects/pcbios#0 Auto/ContentionRZUnlock        0 times
00:00:18.470482 /PDM/CritSects/pckbd#0 Auto/ContentionR3        0 times
00:00:18.470491 /PDM/CritSects/pckbd#0 Auto/ContentionRZLock        0 times
00:00:18.470500 /PDM/CritSects/pckbd#0 Auto/ContentionRZUnlock        0 times
00:00:18.470510 /PDM/CritSects/piix3ide#0 Auto/ContentionR3        0 times
00:00:18.470519 /PDM/CritSects/piix3ide#0 Auto/ContentionRZLock        0 times
00:00:18.470529 /PDM/CritSects/piix3ide#0 Auto/ContentionRZUnlock        0 times
00:00:18.470538 /PDM/CritSects/pit/ContentionR3         0 times
00:00:18.470547 /PDM/CritSects/pit/ContentionRZLock        0 times
00:00:18.470556 /PDM/CritSects/pit/ContentionRZUnlock        0 times
00:00:18.470565 /PDM/CritSects/usb-ehci#0 Auto/ContentionR3        0 times
00:00:18.470574 /PDM/CritSects/usb-ehci#0 Auto/ContentionRZLock        0 times
00:00:18.470583 /PDM/CritSects/usb-ehci#0 Auto/ContentionRZUnlock        0 times
00:00:18.470593 /PDM/CritSects/usb-ohci#0 Auto/ContentionR3        0 times
00:00:18.470602 /PDM/CritSects/usb-ohci#0 Auto/ContentionRZLock        0 times
00:00:18.470611 /PDM/CritSects/usb-ohci#0 Auto/ContentionRZUnlock        0 times
00:00:18.470621 /PDM/CritSects/vga#0 Auto/ContentionR3        0 times
00:00:18.470630 /PDM/CritSects/vga#0 Auto/ContentionRZLock        0 times
00:00:18.470639 /PDM/CritSects/vga#0 Auto/ContentionRZUnlock        0 times
00:00:18.470648 /PDM/Queue/AHCI-Xmit/AllocFailures        0 times
00:00:18.470658 /PDM/Queue/AHCI-Xmit/Flush              0 calls
00:00:18.470668 /PDM/Queue/AHCI-Xmit/FlushLeftovers        0 times
00:00:18.470677 /PDM/Queue/AHCI-Xmit/Insert             2 calls
00:00:18.470687 /PDM/Queue/AHCI-Xmit/cItems            60 count
00:00:18.470697 /PDM/Queue/AHCI-Xmit/cbItem            32 bytes
00:00:18.470707 /PDM/Queue/DevHlp/AllocFailures         0 times
00:00:18.470716 /PDM/Queue/DevHlp/Flush                 0 calls
00:00:18.470737 /PDM/Queue/DevHlp/FlushLeftovers        0 times
00:00:18.470747 /PDM/Queue/DevHlp/Insert                0 calls
00:00:18.470757 /PDM/Queue/DevHlp/cItems                8 count
00:00:18.470767 /PDM/Queue/DevHlp/cbItem               56 bytes
00:00:18.470776 /PDM/Queue/E1000-Rcv/AllocFailures        0 times
00:00:18.470786 /PDM/Queue/E1000-Rcv/Flush              0 calls
00:00:18.470800 /PDM/Queue/E1000-Rcv/FlushLeftovers        0 times
00:00:18.470811 /PDM/Queue/E1000-Rcv/Insert             0 calls
00:00:18.470821 /PDM/Queue/E1000-Rcv/cItems             1 count
00:00:18.470831 /PDM/Queue/E1000-Rcv/cbItem            24 bytes
00:00:18.470841 /PDM/Queue/E1000-Xmit/AllocFailures        0 times
00:00:18.470851 /PDM/Queue/E1000-Xmit/Flush             0 calls
00:00:18.470863 /PDM/Queue/E1000-Xmit/FlushLeftovers        0 times
00:00:18.470877 /PDM/Queue/E1000-Xmit/Insert            0 calls
00:00:18.470887 /PDM/Queue/E1000-Xmit/cItems            1 count
00:00:18.470896 /PDM/Queue/E1000-Xmit/cbItem           24 bytes
00:00:18.470905 /PDM/Queue/Keyboard/AllocFailures        0 times
00:00:18.470915 /PDM/Queue/Keyboard/Flush               0 calls
00:00:18.470924 /PDM/Queue/Keyboard/FlushLeftovers        0 times
00:00:18.470934 /PDM/Queue/Keyboard/Insert              0 calls
00:00:18.470941 /PDM/Queue/Keyboard/cItems             64 count
00:00:18.470941 /PDM/Queue/Keyboard/cbItem             32 bytes
00:00:18.470941 /PDM/Queue/Mouse/AllocFailures          0 times
00:00:18.470941 /PDM/Queue/Mouse/Flush                  0 calls
00:00:18.470941 /PDM/Queue/Mouse/FlushLeftovers         0 times
00:00:18.470941 /PDM/Queue/Mouse/Insert                 0 calls
00:00:18.470941 /PDM/Queue/Mouse/cItems               128 count
00:00:18.470941 /PDM/Queue/Mouse/cbItem                56 bytes
00:00:18.470941 /PDM/Queue/Mouse_1/AllocFailures        0 times
00:00:18.470941 /PDM/Queue/Mouse_1/Flush                0 calls
00:00:18.470941 /PDM/Queue/Mouse_1/FlushLeftovers        0 times
00:00:18.470941 /PDM/Queue/Mouse_1/Insert               0 calls
00:00:18.470941 /PDM/Queue/Mouse_1/cItems             128 count
00:00:18.470941 /PDM/Queue/Mouse_1/cbItem              56 bytes
00:00:18.470941 /PGM/CPU0/cA20Changes                   1 times
00:00:18.470941 /PGM/CPU0/cGuestModeChanges             4 times
00:00:18.470941 /PGM/ChunkR3Map/Mapped                  2 count
00:00:18.470941 /PGM/ChunkR3Map/Unmapped                0 count
00:00:18.470941 /PGM/ChunkR3Map/c                       2 count
00:00:18.470941 /PGM/ChunkR3Map/cMax             4294967295 count
00:00:18.470941 /PGM/LargePage/Recheck                  0 times
00:00:18.470941 /PGM/LargePage/Refused                  0 times
00:00:18.470941 /PGM/LargePage/Reused                   0 times
00:00:18.470941 /PGM/Page/cAllPages                135239 count
00:00:18.470941 /PGM/Page/cBalloonedPages               0 count
00:00:18.470941 /PGM/Page/cHandyPages                  35 count
00:00:18.470941 /PGM/Page/cLargePages                   0 count
00:00:18.470941 /PGM/Page/cLargePagesDisabled           0 count
00:00:18.470941 /PGM/Page/cMonitoredPages               0 count
00:00:18.470941 /PGM/Page/cPrivatePages              4610 count
00:00:18.470941 /PGM/Page/cPureMmioPages               37 count
00:00:18.470941 /PGM/Page/cReadLockedPages              0 count
00:00:18.470941 /PGM/Page/cReusedSharedPages            0 count
00:00:18.470941 /PGM/Page/cSharedPages                  0 count
00:00:18.470941 /PGM/Page/cWriteLockedPages             0 count
00:00:18.470941 /PGM/Page/cWrittenToPages               0 count
00:00:18.470941 /PGM/Page/cZeroPages               130592 count
00:00:18.470941 /PGM/ShMod/Check                        0 ticks/call (           0 ticks,       0 times, max         0, min      -1)
00:00:18.470941 /PGM/cRelocations                       0 times
00:00:18.470941 /PROF/CPU0/EM/Capped                    0 ticks/call (           0 ticks,       0 times, max         0, min      -1)
00:00:18.470941 /PROF/CPU0/EM/ForcedActions           314 times
00:00:18.470941 /PROF/CPU0/EM/Halted                  245 times
00:00:18.470941 /PROF/CPU0/EM/RAWTotal                  0 times
00:00:18.470941 /PROF/CPU0/EM/REMTotal                  0 times
00:00:18.470941 /PROF/CPU0/EM/Total              16968579960 ticks/call ( 33937159920 ticks,       2 times, max 29653808553, min 4283351367)
00:00:18.470941 /PROF/VM/CPU0/Halt/Block          2686876 ns/call ( 10054291823 ticks,    3742 times, max   5655161, min       1)
00:00:18.470941 /PROF/VM/CPU0/Halt/BlockInsomnia        0 ns/call (           0 ticks,       0 times, max         0, min      -1)
00:00:18.470941 /PROF/VM/CPU0/Halt/BlockOnTime          0 ns/call (           0 ticks,       0 times, max         0, min      -1)
00:00:18.470941 /PROF/VM/CPU0/Halt/BlockOverslept        0 ns/call (           0 ticks,       0 times, max         0, min      -1)
00:00:18.470941 /PROF/VM/CPU0/Halt/Timers            5835 ns/call (    23837302 ticks,    4085 times, max    504659, min       2)
00:00:18.470941 /PROF/VM/CPU0/Halt/Yield                0 ns/call (           0 ticks,       0 times, max         0, min      -1)
00:00:18.470941 /REM/TbFlushCount                       0 times
00:00:18.470941 /REM/TbPhysInvldCount                 517 times
00:00:18.470941 /REM/TlbFlushCount                      3 times
00:00:18.470941 /SELM/HyperSels/Changed                 0 times
00:00:18.470941 /SELM/HyperSels/Scan                    0 times
00:00:18.470941 /SELM/LoadHidSel/GstReadErrors          0 times
00:00:18.470941 /SELM/LoadHidSel/NoGoodGuest            0 times
00:00:18.470941 /SELM/UpdateFromCPUM/AlreadyStaleCS        0 times
00:00:18.470941 /SELM/UpdateFromCPUM/AlreadyStaleDS        0 times
00:00:18.470941 /SELM/UpdateFromCPUM/AlreadyStaleES        0 times
00:00:18.470941 /SELM/UpdateFromCPUM/AlreadyStaleFS        0 times
00:00:18.470941 /SELM/UpdateFromCPUM/AlreadyStaleGS        0 times
00:00:18.470941 /SELM/UpdateFromCPUM/AlreadyStaleSS        0 times
00:00:18.470941 /SELM/UpdateFromCPUM/DetectedStaleCS        0 times
00:00:18.470941 /SELM/UpdateFromCPUM/DetectedStaleDS        0 times
00:00:18.470941 /SELM/UpdateFromCPUM/DetectedStaleES        0 times
00:00:18.470941 /SELM/UpdateFromCPUM/DetectedStaleFS        0 times
00:00:18.470941 /SELM/UpdateFromCPUM/DetectedStaleGS        0 times
00:00:18.470941 /SELM/UpdateFromCPUM/DetectedStaleSS        0 times
00:00:18.470941 /SELM/UpdateFromCPUM/StaleToUnstale        0 times
00:00:18.470941 /TM/CPU/00/cNsExecuting          33949813 ns
00:00:18.470941 /TM/CPU/00/cNsHalted             10081968602 ns
00:00:18.470941 /TM/CPU/00/cNsOther              191498804 ns
00:00:18.470941 /TM/CPU/00/cNsTotal              10307417219 ns
00:00:18.470941 /TM/CPU/00/cPeriodsExecuting         7998 count
00:00:18.470941 /TM/CPU/00/cPeriodsHalted             245 count
00:00:18.470941 /TM/CPU/00/pctExecuting                 0 %
00:00:18.470941 /TM/CPU/00/pctHalted                   99 %
00:00:18.470941 /TM/CPU/00/pctOther                     0 %
00:00:18.470941 /TM/CPU/pctExecuting                    0 %
00:00:18.470941 /TM/CPU/pctHalted                      99 %
00:00:18.471884 /TM/CPU/pctOther                        0 %
00:00:18.471893 /TM/MaxHzHint                          18 Hz
00:00:18.471907 /TM/R0/1nsSteps                       255 times
00:00:18.471919 /TM/R3/1nsSteps                       226 times
00:00:18.471929 /TM/TSC/offCPU0                         0 ticks
00:00:18.471938 /TM/VirtualSync/CurrentOffset      230087 ns
00:00:18.471948 /VUSB/0/cUrbsInPool                     0 count
00:00:18.471957 /VUSB/1/cUrbsInPool                     0 count
00:00:18.471971 ********************* End of statistics **********************
00:00:18.477522 NAT: zone(nm:mbuf_cluster, used:0)
00:00:18.477785 NAT: zone(nm:mbuf_packet, used:0)
00:00:18.477804 NAT: zone(nm:mbuf, used:0)
00:00:18.477817 NAT: zone(nm:mbuf_jumbo_pagesize, used:0)
00:00:18.478041 NAT: zone(nm:mbuf_jumbo_9k, used:0)
00:00:18.478189 NAT: zone(nm:mbuf_jumbo_16k, used:0)
00:00:18.478270 NAT: zone(nm:mbuf_ext_refcnt, used:0)
00:00:18.480807 Changing the VM state from 'DESTROYING' to 'TERMINATED'.
